{"meta": {"format": 3, "version": "7.14.0", "timestamp": "2026-05-18T08:37:55.749265", "branch_coverage": false, "show_contexts": false}, "files": {"src\\auth\\__init__.py": {"executed_lines": [1, 2, 3, 4, 6], "summary": {"covered_lines": 5, "num_statements": 5, "percent_covered": 100.0, "percent_covered_display": "100", "missing_lines": 0, "excluded_lines": 0, "percent_statements_covered": 100.0, "percent_statements_covered_display": "100"}, "missing_lines": [], "excluded_lines": [], "functions": {"": {"executed_lines": [1, 2, 3, 4, 6], "summary": {"covered_lines": 5, "num_statements": 5, "percent_covered": 100.0, "percent_covered_display": "100", "missing_lines": 0, "excluded_lines": 0, "percent_statements_covered": 100.0, "percent_statements_covered_display": "100"}, "missing_lines": [], "excluded_lines": [], "start_line": 1}}, "classes": {"": {"executed_lines": [1, 2, 3, 4, 6], "summary": {"covered_lines": 5, "num_statements": 5, "percent_covered": 100.0, "percent_covered_display": "100", "missing_lines": 0, "excluded_lines": 0, "percent_statements_covered": 100.0, "percent_statements_covered_display": "100"}, "missing_lines": [], "excluded_lines": [], "start_line": 1}}}, "src\\auth\\auth_service.py": {"executed_lines": [1, 3, 4, 5, 6, 8, 9, 14, 17, 18, 21, 30, 31, 32, 34, 35, 36, 37, 38, 39, 42, 48, 49, 50, 51, 52, 53, 54, 55, 56, 57, 63, 64, 66, 67], "summary": {"covered_lines": 35, "num_statements": 35, "percent_covered": 100.0, "percent_covered_display": "100", "missing_lines": 0, "excluded_lines": 2, "percent_statements_covered": 100.0, "percent_statements_covered_display": "100"}, "missing_lines": [], "excluded_lines": [11, 12], "functions": {"_sha256_hex": {"executed_lines": [18], "summary": {"covered_lines": 1, "num_statements": 1, "percent_covered": 100.0, "percent_covered_display": "100", "missing_lines": 0, "excluded_lines": 0, "percent_statements_covered": 100.0, "percent_statements_covered_display": "100"}, "missing_lines": [], "excluded_lines": [], "start_line": 17}, "UnifiedAuthService.__init__": {"executed_lines": [31, 32], "summary": {"covered_lines": 2, "num_statements": 2, "percent_covered": 100.0, "percent_covered_display": "100", "missing_lines": 0, "excluded_lines": 0, "percent_statements_covered": 100.0, "percent_statements_covered_display": "100"}, "missing_lines": [], "excluded_lines": [], "start_line": 30}, "UnifiedAuthService.authenticate_api_key": {"executed_lines": [35, 36, 37, 38, 39, 42], "summary": {"covered_lines": 6, "num_statements": 6, "percent_covered": 100.0, "percent_covered_display": "100", "missing_lines": 0, "excluded_lines": 0, "percent_statements_covered": 100.0, "percent_statements_covered_display": "100"}, "missing_lines": [], "excluded_lines": [], "start_line": 34}, "UnifiedAuthService.authenticate_jwt": {"executed_lines": [49, 50, 51, 52, 53, 54, 55, 56, 57], "summary": {"covered_lines": 9, "num_statements": 9, "percent_covered": 100.0, "percent_covered_display": "100", "missing_lines": 0, "excluded_lines": 0, "percent_statements_covered": 100.0, "percent_statements_covered_display": "100"}, "missing_lines": [], "excluded_lines": [], "start_line": 48}, "UnifiedAuthService.create_token": {"executed_lines": [64], "summary": {"covered_lines": 1, "num_statements": 1, "percent_covered": 100.0, "percent_covered_display": "100", "missing_lines": 0, "excluded_lines": 0, "percent_statements_covered": 100.0, "percent_statements_covered_display": "100"}, "missing_lines": [], "excluded_lines": [], "start_line": 63}, "UnifiedAuthService.revoke_token": {"executed_lines": [67], "summary": {"covered_lines": 1, "num_statements": 1, "percent_covered": 100.0, "percent_covered_display": "100", "missing_lines": 0, "excluded_lines": 0, "percent_statements_covered": 100.0, "percent_statements_covered_display": "100"}, "missing_lines": [], "excluded_lines": [], "start_line": 66}, "": {"executed_lines": [1, 3, 4, 5, 6, 8, 9, 14, 17, 21, 30, 34, 48, 63, 66], "summary": {"covered_lines": 15, "num_statements": 15, "percent_covered": 100.0, "percent_covered_display": "100", "missing_lines": 0, "excluded_lines": 2, "percent_statements_covered": 100.0, "percent_statements_covered_display": "100"}, "missing_lines": [], "excluded_lines": [11, 12], "start_line": 1}}, "classes": {"UnifiedAuthService": {"executed_lines": [31, 32, 35, 36, 37, 38, 39, 42, 49, 50, 51, 52, 53, 54, 55, 56, 57, 64, 67], "summary": {"covered_lines": 19, "num_statements": 19, "percent_covered": 100.0, "percent_covered_display": "100", "missing_lines": 0, "excluded_lines": 0, "percent_statements_covered": 100.0, "percent_statements_covered_display": "100"}, "missing_lines": [], "excluded_lines": [], "start_line": 21}, "": {"executed_lines": [1, 3, 4, 5, 6, 8, 9, 14, 17, 18, 21, 30, 34, 48, 63, 66], "summary": {"covered_lines": 16, "num_statements": 16, "percent_covered": 100.0, "percent_covered_display": "100", "missing_lines": 0, "excluded_lines": 2, "percent_statements_covered": 100.0, "percent_statements_covered_display": "100"}, "missing_lines": [], "excluded_lines": [11, 12], "start_line": 1}}}, "src\\auth\\decorators.py": {"executed_lines": [1, 3, 4, 5, 6, 8, 10, 11, 13, 16, 24, 25, 26, 27, 28, 32, 47, 48, 51, 53, 55, 57, 58, 59, 60, 61, 63, 64, 65, 66, 67, 69, 72, 73, 75, 76, 85, 91, 101, 102, 104, 105, 106, 107, 109, 110, 115, 116, 117, 122, 123, 126, 127, 128, 129, 130, 131, 139, 141, 143], "summary": {"covered_lines": 60, "num_statements": 69, "percent_covered": 86.95652173913044, "percent_covered_display": "87", "missing_lines": 9, "excluded_lines": 0, "percent_statements_covered": 86.95652173913044, "percent_statements_covered_display": "87"}, "missing_lines": [54, 74, 81, 82, 87, 88, 132, 136, 137], "excluded_lines": [], "functions": {"_effective_roles": {"executed_lines": [25, 26, 27, 28], "summary": {"covered_lines": 4, "num_statements": 4, "percent_covered": 100.0, "percent_covered_display": "100", "missing_lines": 0, "excluded_lines": 0, "percent_statements_covered": 100.0, "percent_statements_covered_display": "100"}, "missing_lines": [], "excluded_lines": [], "start_line": 24}, "_get_ops_store": {"executed_lines": [48], "summary": {"covered_lines": 1, "num_statements": 1, "percent_covered": 100.0, "percent_covered_display": "100", "missing_lines": 0, "excluded_lines": 0, "percent_statements_covered": 100.0, "percent_statements_covered_display": "100"}, "missing_lines": [], "excluded_lines": [], "start_line": 47}, "_try_unified_auth": {"executed_lines": [53, 55, 57, 58, 59, 60, 61, 63, 64, 65, 66, 67, 69], "summary": {"covered_lines": 13, "num_statements": 14, "percent_covered": 92.85714285714286, "percent_covered_display": "93", "missing_lines": 1, "excluded_lines": 0, "percent_statements_covered": 92.85714285714286, "percent_statements_covered_display": "93"}, "missing_lines": [54], "excluded_lines": [], "start_line": 51}, "_log_auth_audit": {"executed_lines": [73, 75, 76], "summary": {"covered_lines": 3, "num_statements": 6, "percent_covered": 50.0, "percent_covered_display": "50", "missing_lines": 3, "excluded_lines": 0, "percent_statements_covered": 50.0, "percent_statements_covered_display": "50"}, "missing_lines": [74, 81, 82], "excluded_lines": [], "start_line": 72}, "public_route": {"executed_lines": [], "summary": {"covered_lines": 0, "num_statements": 2, "percent_covered": 0.0, "percent_covered_display": "0", "missing_lines": 2, "excluded_lines": 0, "percent_statements_covered": 0.0, "percent_statements_covered_display": "0"}, "missing_lines": [87, 88], "excluded_lines": [], "start_line": 85}, "require_roles": {"executed_lines": [101, 143], "summary": {"covered_lines": 2, "num_statements": 2, "percent_covered": 100.0, "percent_covered_display": "100", "missing_lines": 0, "excluded_lines": 0, "percent_statements_covered": 100.0, "percent_statements_covered_display": "100"}, "missing_lines": [], "excluded_lines": [], "start_line": 91}, "require_roles.decorator": {"executed_lines": [102, 104, 105, 141], "summary": {"covered_lines": 4, "num_statements": 4, "percent_covered": 100.0, "percent_covered_display": "100", "missing_lines": 0, "excluded_lines": 0, "percent_statements_covered": 100.0, "percent_statements_covered_display": "100"}, "missing_lines": [], "excluded_lines": [], "start_line": 101}, "require_roles.decorator.wrapper": {"executed_lines": [106, 107, 109, 110, 115, 116, 117, 122, 123, 126, 127, 128, 129, 130, 131, 139], "summary": {"covered_lines": 16, "num_statements": 19, "percent_covered": 84.21052631578948, "percent_covered_display": "84", "missing_lines": 3, "excluded_lines": 0, "percent_statements_covered": 84.21052631578948, "percent_statements_covered_display": "84"}, "missing_lines": [132, 136, 137], "excluded_lines": [], "start_line": 105}, "": {"executed_lines": [1, 3, 4, 5, 6, 8, 10, 11, 13, 16, 24, 32, 47, 51, 72, 85, 91], "summary": {"covered_lines": 17, "num_statements": 17, "percent_covered": 100.0, "percent_covered_display": "100", "missing_lines": 0, "excluded_lines": 0, "percent_statements_covered": 100.0, "percent_statements_covered_display": "100"}, "missing_lines": [], "excluded_lines": [], "start_line": 1}}, "classes": {"": {"executed_lines": [1, 3, 4, 5, 6, 8, 10, 11, 13, 16, 24, 25, 26, 27, 28, 32, 47, 48, 51, 53, 55, 57, 58, 59, 60, 61, 63, 64, 65, 66, 67, 69, 72, 73, 75, 76, 85, 91, 101, 102, 104, 105, 106, 107, 109, 110, 115, 116, 117, 122, 123, 126, 127, 128, 129, 130, 131, 139, 141, 143], "summary": {"covered_lines": 60, "num_statements": 69, "percent_covered": 86.95652173913044, "percent_covered_display": "87", "missing_lines": 9, "excluded_lines": 0, "percent_statements_covered": 86.95652173913044, "percent_statements_covered_display": "87"}, "missing_lines": [54, 74, 81, 82, 87, 88, 132, 136, 137], "excluded_lines": [], "start_line": 1}}}, "src\\auth\\jwt_manager.py": {"executed_lines": [1, 3, 4, 5, 6, 7, 9, 10, 11, 12, 14, 16, 17, 18, 21, 23, 26, 34, 35, 37, 38, 39, 41, 42, 47, 52, 53, 55, 58, 59, 70, 72, 73, 74, 75, 84, 86, 90, 91, 97, 98, 99, 100, 101, 106, 118, 119, 126, 127, 128, 135, 138, 140, 141, 142, 145, 148], "summary": {"covered_lines": 57, "num_statements": 65, "percent_covered": 87.6923076923077, "percent_covered_display": "88", "missing_lines": 8, "excluded_lines": 0, "percent_statements_covered": 87.6923076923077, "percent_statements_covered_display": "88"}, "missing_lines": [64, 68, 102, 103, 104, 129, 130, 131], "excluded_lines": [], "functions": {"_pem_bytes": {"executed_lines": [23], "summary": {"covered_lines": 1, "num_statements": 1, "percent_covered": 100.0, "percent_covered_display": "100", "missing_lines": 0, "excluded_lines": 0, "percent_statements_covered": 100.0, "percent_statements_covered_display": "100"}, "missing_lines": [], "excluded_lines": [], "start_line": 21}, "RS256JWTManager.__init__": {"executed_lines": [35], "summary": {"covered_lines": 1, "num_statements": 1, "percent_covered": 100.0, "percent_covered_display": "100", "missing_lines": 0, "excluded_lines": 0, "percent_statements_covered": 100.0, "percent_statements_covered_display": "100"}, "missing_lines": [], "excluded_lines": [], "start_line": 34}, "RS256JWTManager._load_keys": {"executed_lines": [38, 39, 41, 42, 47, 52, 53, 55, 58, 59, 70], "summary": {"covered_lines": 11, "num_statements": 13, "percent_covered": 84.61538461538461, "percent_covered_display": "85", "missing_lines": 2, "excluded_lines": 0, "percent_statements_covered": 84.61538461538461, "percent_statements_covered_display": "85"}, "missing_lines": [64, 68], "excluded_lines": [], "start_line": 37}, "RS256JWTManager.create_token": {"executed_lines": [73, 74, 75, 84], "summary": {"covered_lines": 4, "num_statements": 4, "percent_covered": 100.0, "percent_covered_display": "100", "missing_lines": 0, "excluded_lines": 0, "percent_statements_covered": 100.0, "percent_statements_covered_display": "100"}, "missing_lines": [], "excluded_lines": [], "start_line": 72}, "RS256JWTManager.verify_token": {"executed_lines": [90, 91, 97, 98, 99, 100, 101], "summary": {"covered_lines": 7, "num_statements": 10, "percent_covered": 70.0, "percent_covered_display": "70", "missing_lines": 3, "excluded_lines": 0, "percent_statements_covered": 70.0, "percent_statements_covered_display": "70"}, "missing_lines": [102, 103, 104], "excluded_lines": [], "start_line": 86}, "RS256JWTManager.decode_ignoring_expiry": {"executed_lines": [118, 119, 126, 127, 128], "summary": {"covered_lines": 5, "num_statements": 8, "percent_covered": 62.5, "percent_covered_display": "62", "missing_lines": 3, "excluded_lines": 0, "percent_statements_covered": 62.5, "percent_statements_covered_display": "62"}, "missing_lines": [129, 130, 131], "excluded_lines": [], "start_line": 106}, "get_jwt_manager": {"executed_lines": [140, 141, 142], "summary": {"covered_lines": 3, "num_statements": 3, "percent_covered": 100.0, "percent_covered_display": "100", "missing_lines": 0, "excluded_lines": 0, "percent_statements_covered": 100.0, "percent_statements_covered_display": "100"}, "missing_lines": [], "excluded_lines": [], "start_line": 138}, "reset_jwt_manager": {"executed_lines": [148], "summary": {"covered_lines": 1, "num_statements": 1, "percent_covered": 100.0, "percent_covered_display": "100", "missing_lines": 0, "excluded_lines": 0, "percent_statements_covered": 100.0, "percent_statements_covered_display": "100"}, "missing_lines": [], "excluded_lines": [], "start_line": 145}, "": {"executed_lines": [1, 3, 4, 5, 6, 7, 9, 10, 11, 12, 14, 16, 17, 18, 21, 26, 34, 37, 72, 86, 106, 135, 138, 145], "summary": {"covered_lines": 24, "num_statements": 24, "percent_covered": 100.0, "percent_covered_display": "100", "missing_lines": 0, "excluded_lines": 0, "percent_statements_covered": 100.0, "percent_statements_covered_display": "100"}, "missing_lines": [], "excluded_lines": [], "start_line": 1}}, "classes": {"RS256JWTManager": {"executed_lines": [35, 38, 39, 41, 42, 47, 52, 53, 55, 58, 59, 70, 73, 74, 75, 84, 90, 91, 97, 98, 99, 100, 101, 118, 119, 126, 127, 128], "summary": {"covered_lines": 28, "num_statements": 36, "percent_covered": 77.77777777777777, "percent_covered_display": "78", "missing_lines": 8, "excluded_lines": 0, "percent_statements_covered": 77.77777777777777, "percent_statements_covered_display": "78"}, "missing_lines": [64, 68, 102, 103, 104, 129, 130, 131], "excluded_lines": [], "start_line": 26}, "": {"executed_lines": [1, 3, 4, 5, 6, 7, 9, 10, 11, 12, 14, 16, 17, 18, 21, 23, 26, 34, 37, 72, 86, 106, 135, 138, 140, 141, 142, 145, 148], "summary": {"covered_lines": 29, "num_statements": 29, "percent_covered": 100.0, "percent_covered_display": "100", "missing_lines": 0, "excluded_lines": 0, "percent_statements_covered": 100.0, "percent_statements_covered_display": "100"}, "missing_lines": [], "excluded_lines": [], "start_line": 1}}}, "src\\auth\\models.py": {"executed_lines": [1, 3, 6, 7, 10, 11, 12, 15, 18], "summary": {"covered_lines": 9, "num_statements": 11, "percent_covered": 81.81818181818181, "percent_covered_display": "82", "missing_lines": 2, "excluded_lines": 0, "percent_statements_covered": 81.81818181818181, "percent_statements_covered_display": "82"}, "missing_lines": [19, 20], "excluded_lines": [], "functions": {"AuthError.__init__": {"executed_lines": [], "summary": {"covered_lines": 0, "num_statements": 2, "percent_covered": 0.0, "percent_covered_display": "0", "missing_lines": 2, "excluded_lines": 0, "percent_statements_covered": 0.0, "percent_statements_covered_display": "0"}, "missing_lines": [19, 20], "excluded_lines": [], "start_line": 18}, "": {"executed_lines": [1, 3, 6, 7, 10, 11, 12, 15, 18], "summary": {"covered_lines": 9, "num_statements": 9, "percent_covered": 100.0, "percent_covered_display": "100", "missing_lines": 0, "excluded_lines": 0, "percent_statements_covered": 100.0, "percent_statements_covered_display": "100"}, "missing_lines": [], "excluded_lines": [], "start_line": 1}}, "classes": {"AuthContext": {"executed_lines": [], "summary": {"covered_lines": 0, "num_statements": 0, "percent_covered": 100.0, "percent_covered_display": "100", "missing_lines": 0, "excluded_lines": 0, "percent_statements_covered": 100.0, "percent_statements_covered_display": "100"}, "missing_lines": [], "excluded_lines": [], "start_line": 7}, "AuthError": {"executed_lines": [], "summary": {"covered_lines": 0, "num_statements": 2, "percent_covered": 0.0, "percent_covered_display": "0", "missing_lines": 2, "excluded_lines": 0, "percent_statements_covered": 0.0, "percent_statements_covered_display": "0"}, "missing_lines": [19, 20], "excluded_lines": [], "start_line": 15}, "": {"executed_lines": [1, 3, 6, 7, 10, 11, 12, 15, 18], "summary": {"covered_lines": 9, "num_statements": 9, "percent_covered": 100.0, "percent_covered_display": "100", "missing_lines": 0, "excluded_lines": 0, "percent_statements_covered": 100.0, "percent_statements_covered_display": "100"}, "missing_lines": [], "excluded_lines": [], "start_line": 1}}}, "src\\auth\\validators.py": {"executed_lines": [1, 3, 4, 6, 8, 10, 31, 32, 35, 40, 41, 43, 44, 45, 46, 47, 49, 51, 52, 53, 59, 60, 65, 66, 71], "summary": {"covered_lines": 25, "num_statements": 25, "percent_covered": 100.0, "percent_covered_display": "100", "missing_lines": 0, "excluded_lines": 0, "percent_statements_covered": 100.0, "percent_statements_covered_display": "100"}, "missing_lines": [], "excluded_lines": [], "functions": {"_is_placeholder": {"executed_lines": [32], "summary": {"covered_lines": 1, "num_statements": 1, "percent_covered": 100.0, "percent_covered_display": "100", "missing_lines": 0, "excluded_lines": 0, "percent_statements_covered": 100.0, "percent_statements_covered_display": "100"}, "missing_lines": [], "excluded_lines": [], "start_line": 31}, "validate_config_at_startup": {"executed_lines": [40, 41, 43, 44, 45, 46, 47, 49, 51, 52, 53, 59, 60, 65, 66, 71], "summary": {"covered_lines": 16, "num_statements": 16, "percent_covered": 100.0, "percent_covered_display": "100", "missing_lines": 0, "excluded_lines": 0, "percent_statements_covered": 100.0, "percent_statements_covered_display": "100"}, "missing_lines": [], "excluded_lines": [], "start_line": 35}, "": {"executed_lines": [1, 3, 4, 6, 8, 10, 31, 35], "summary": {"covered_lines": 8, "num_statements": 8, "percent_covered": 100.0, "percent_covered_display": "100", "missing_lines": 0, "excluded_lines": 0, "percent_statements_covered": 100.0, "percent_statements_covered_display": "100"}, "missing_lines": [], "excluded_lines": [], "start_line": 1}}, "classes": {"": {"executed_lines": [1, 3, 4, 6, 8, 10, 31, 32, 35, 40, 41, 43, 44, 45, 46, 47, 49, 51, 52, 53, 59, 60, 65, 66, 71], "summary": {"covered_lines": 25, "num_statements": 25, "percent_covered": 100.0, "percent_covered_display": "100", "missing_lines": 0, "excluded_lines": 0, "percent_statements_covered": 100.0, "percent_statements_covered_display": "100"}, "missing_lines": [], "excluded_lines": [], "start_line": 1}}}, "src\\detection\\__init__.py": {"executed_lines": [], "summary": {"covered_lines": 0, "num_statements": 0, "percent_covered": 100.0, "percent_covered_display": "100", "missing_lines": 0, "excluded_lines": 0, "percent_statements_covered": 100.0, "percent_statements_covered_display": "100"}, "missing_lines": [], "excluded_lines": [], "functions": {"": {"executed_lines": [], "summary": {"covered_lines": 0, "num_statements": 0, "percent_covered": 100.0, "percent_covered_display": "100", "missing_lines": 0, "excluded_lines": 0, "percent_statements_covered": 100.0, "percent_statements_covered_display": "100"}, "missing_lines": [], "excluded_lines": [], "start_line": 1}}, "classes": {"": {"executed_lines": [], "summary": {"covered_lines": 0, "num_statements": 0, "percent_covered": 100.0, "percent_covered_display": "100", "missing_lines": 0, "excluded_lines": 0, "percent_statements_covered": 100.0, "percent_statements_covered_display": "100"}, "missing_lines": [], "excluded_lines": [], "start_line": 1}}}, "src\\detection\\aggregator.py": {"executed_lines": [2, 4, 5, 6, 7, 9, 11, 14, 16, 17, 18, 19, 23, 26, 29, 30, 32, 33, 34, 35, 36, 37, 38, 40, 53, 56, 57, 59, 60, 61, 83, 89, 94, 99, 110], "summary": {"covered_lines": 35, "num_statements": 56, "percent_covered": 62.5, "percent_covered_display": "62", "missing_lines": 21, "excluded_lines": 0, "percent_statements_covered": 62.5, "percent_statements_covered_display": "62"}, "missing_lines": [41, 70, 77, 86, 87, 90, 91, 92, 95, 96, 97, 100, 101, 102, 103, 104, 111, 112, 115, 116, 118], "excluded_lines": [], "functions": {"AggregatedResult.to_dict": {"executed_lines": [], "summary": {"covered_lines": 0, "num_statements": 1, "percent_covered": 0.0, "percent_covered_display": "0", "missing_lines": 1, "excluded_lines": 0, "percent_statements_covered": 0.0, "percent_statements_covered_display": "0"}, "missing_lines": [41], "excluded_lines": [], "start_line": 40}, "EngineAggregator.__init__": {"executed_lines": [57], "summary": {"covered_lines": 1, "num_statements": 1, "percent_covered": 100.0, "percent_covered_display": "100", "missing_lines": 0, "excluded_lines": 0, "percent_statements_covered": 100.0, "percent_statements_covered_display": "100"}, "missing_lines": [], "excluded_lines": [], "start_line": 56}, "EngineAggregator.aggregate": {"executed_lines": [60, 61], "summary": {"covered_lines": 2, "num_statements": 4, "percent_covered": 50.0, "percent_covered_display": "50", "missing_lines": 2, "excluded_lines": 0, "percent_statements_covered": 50.0, "percent_statements_covered_display": "50"}, "missing_lines": [70, 77], "excluded_lines": [], "start_line": 59}, "EngineAggregator._any_trigger": {"executed_lines": [], "summary": {"covered_lines": 0, "num_statements": 2, "percent_covered": 0.0, "percent_covered_display": "0", "missing_lines": 2, "excluded_lines": 0, "percent_statements_covered": 0.0, "percent_statements_covered_display": "0"}, "missing_lines": [86, 87], "excluded_lines": [], "start_line": 83}, "EngineAggregator._majority": {"executed_lines": [], "summary": {"covered_lines": 0, "num_statements": 3, "percent_covered": 0.0, "percent_covered_display": "0", "missing_lines": 3, "excluded_lines": 0, "percent_statements_covered": 0.0, "percent_statements_covered_display": "0"}, "missing_lines": [90, 91, 92], "excluded_lines": [], "start_line": 89}, "EngineAggregator._unanimous": {"executed_lines": [], "summary": {"covered_lines": 0, "num_statements": 3, "percent_covered": 0.0, "percent_covered_display": "0", "missing_lines": 3, "excluded_lines": 0, "percent_statements_covered": 0.0, "percent_statements_covered_display": "0"}, "missing_lines": [95, 96, 97], "excluded_lines": [], "start_line": 94}, "EngineAggregator._weighted": {"executed_lines": [], "summary": {"covered_lines": 0, "num_statements": 5, "percent_covered": 0.0, "percent_covered_display": "0", "missing_lines": 5, "excluded_lines": 0, "percent_statements_covered": 0.0, "percent_statements_covered_display": "0"}, "missing_lines": [100, 101, 102, 103, 104], "excluded_lines": [], "start_line": 99}, "EngineAggregator._build": {"executed_lines": [], "summary": {"covered_lines": 0, "num_statements": 5, "percent_covered": 0.0, "percent_covered_display": "0", "missing_lines": 5, "excluded_lines": 0, "percent_statements_covered": 0.0, "percent_statements_covered_display": "0"}, "missing_lines": [111, 112, 115, 116, 118], "excluded_lines": [], "start_line": 110}, "": {"executed_lines": [2, 4, 5, 6, 7, 9, 11, 14, 16, 17, 18, 19, 23, 26, 29, 30, 32, 33, 34, 35, 36, 37, 38, 40, 53, 56, 59, 83, 89, 94, 99, 110], "summary": {"covered_lines": 32, "num_statements": 32, "percent_covered": 100.0, "percent_covered_display": "100", "missing_lines": 0, "excluded_lines": 0, "percent_statements_covered": 100.0, "percent_statements_covered_display": "100"}, "missing_lines": [], "excluded_lines": [], "start_line": 1}}, "classes": {"AggregationStrategy": {"executed_lines": [], "summary": {"covered_lines": 0, "num_statements": 0, "percent_covered": 100.0, "percent_covered_display": "100", "missing_lines": 0, "excluded_lines": 0, "percent_statements_covered": 100.0, "percent_statements_covered_display": "100"}, "missing_lines": [], "excluded_lines": [], "start_line": 14}, "AggregatedResult": {"executed_lines": [], "summary": {"covered_lines": 0, "num_statements": 1, "percent_covered": 0.0, "percent_covered_display": "0", "missing_lines": 1, "excluded_lines": 0, "percent_statements_covered": 0.0, "percent_statements_covered_display": "0"}, "missing_lines": [41], "excluded_lines": [], "start_line": 30}, "EngineAggregator": {"executed_lines": [57, 60, 61], "summary": {"covered_lines": 3, "num_statements": 23, "percent_covered": 13.043478260869565, "percent_covered_display": "13", "missing_lines": 20, "excluded_lines": 0, "percent_statements_covered": 13.043478260869565, "percent_statements_covered_display": "13"}, "missing_lines": [70, 77, 86, 87, 90, 91, 92, 95, 96, 97, 100, 101, 102, 103, 104, 111, 112, 115, 116, 118], "excluded_lines": [], "start_line": 53}, "": {"executed_lines": [2, 4, 5, 6, 7, 9, 11, 14, 16, 17, 18, 19, 23, 26, 29, 30, 32, 33, 34, 35, 36, 37, 38, 40, 53, 56, 59, 83, 89, 94, 99, 110], "summary": {"covered_lines": 32, "num_statements": 32, "percent_covered": 100.0, "percent_covered_display": "100", "missing_lines": 0, "excluded_lines": 0, "percent_statements_covered": 100.0, "percent_statements_covered_display": "100"}, "missing_lines": [], "excluded_lines": [], "start_line": 1}}}, "src\\detection\\engine_base.py": {"executed_lines": [2, 4, 5, 6, 8, 11, 12, 15, 16, 17, 18, 19, 20, 21, 22, 23, 25, 30, 31, 32, 33, 34, 37, 38, 39, 44, 56, 57, 58, 61, 62, 63, 66, 67, 70, 71], "summary": {"covered_lines": 36, "num_statements": 42, "percent_covered": 85.71428571428571, "percent_covered_display": "86", "missing_lines": 6, "excluded_lines": 2, "percent_statements_covered": 85.71428571428571, "percent_statements_covered_display": "86"}, "missing_lines": [26, 27, 28, 35, 40, 41], "excluded_lines": [74, 75], "functions": {"EngineResult.to_dict": {"executed_lines": [], "summary": {"covered_lines": 0, "num_statements": 3, "percent_covered": 0.0, "percent_covered_display": "0", "missing_lines": 3, "excluded_lines": 0, "percent_statements_covered": 0.0, "percent_statements_covered_display": "0"}, "missing_lines": [26, 27, 28], "excluded_lines": [], "start_line": 25}, "EngineResult.__getitem__": {"executed_lines": [31, 32, 33, 34], "summary": {"covered_lines": 4, "num_statements": 5, "percent_covered": 80.0, "percent_covered_display": "80", "missing_lines": 1, "excluded_lines": 0, "percent_statements_covered": 80.0, "percent_statements_covered_display": "80"}, "missing_lines": [35], "excluded_lines": [], "start_line": 30}, "EngineResult.get": {"executed_lines": [38, 39], "summary": {"covered_lines": 2, "num_statements": 4, "percent_covered": 50.0, "percent_covered_display": "50", "missing_lines": 2, "excluded_lines": 0, "percent_statements_covered": 50.0, "percent_statements_covered_display": "50"}, "missing_lines": [40, 41], "excluded_lines": [], "start_line": 37}, "DetectionEngine.engine_id": {"executed_lines": [], "summary": {"covered_lines": 0, "num_statements": 0, "percent_covered": 100.0, "percent_covered_display": "100", "missing_lines": 0, "excluded_lines": 0, "percent_statements_covered": 100.0, "percent_statements_covered_display": "100"}, "missing_lines": [], "excluded_lines": [], "start_line": 58}, "DetectionEngine.engine_type": {"executed_lines": [], "summary": {"covered_lines": 0, "num_statements": 0, "percent_covered": 100.0, "percent_covered_display": "100", "missing_lines": 0, "excluded_lines": 0, "percent_statements_covered": 100.0, "percent_statements_covered_display": "100"}, "missing_lines": [], "excluded_lines": [], "start_line": 63}, "DetectionEngine.evaluate": {"executed_lines": [], "summary": {"covered_lines": 0, "num_statements": 0, "percent_covered": 100.0, "percent_covered_display": "100", "missing_lines": 0, "excluded_lines": 0, "percent_statements_covered": 100.0, "percent_statements_covered_display": "100"}, "missing_lines": [], "excluded_lines": [], "start_line": 67}, "DetectionEngine.is_ready": {"executed_lines": [], "summary": {"covered_lines": 0, "num_statements": 0, "percent_covered": 100.0, "percent_covered_display": "100", "missing_lines": 0, "excluded_lines": 0, "percent_statements_covered": 100.0, "percent_statements_covered_display": "100"}, "missing_lines": [], "excluded_lines": [], "start_line": 71}, "DetectionEngine.__repr__": {"executed_lines": [], "summary": {"covered_lines": 0, "num_statements": 0, "percent_covered": 100.0, "percent_covered_display": "100", "missing_lines": 0, "excluded_lines": 1, "percent_statements_covered": 100.0, "percent_statements_covered_display": "100"}, "missing_lines": [], "excluded_lines": [75], "start_line": 74}, "": {"executed_lines": [2, 4, 5, 6, 8, 11, 12, 15, 16, 17, 18, 19, 20, 21, 22, 23, 25, 30, 37, 44, 56, 57, 58, 61, 62, 63, 66, 67, 70, 71], "summary": {"covered_lines": 30, "num_statements": 30, "percent_covered": 100.0, "percent_covered_display": "100", "missing_lines": 0, "excluded_lines": 1, "percent_statements_covered": 100.0, "percent_statements_covered_display": "100"}, "missing_lines": [], "excluded_lines": [74], "start_line": 1}}, "classes": {"EngineResult": {"executed_lines": [31, 32, 33, 34, 38, 39], "summary": {"covered_lines": 6, "num_statements": 12, "percent_covered": 50.0, "percent_covered_display": "50", "missing_lines": 6, "excluded_lines": 0, "percent_statements_covered": 50.0, "percent_statements_covered_display": "50"}, "missing_lines": [26, 27, 28, 35, 40, 41], "excluded_lines": [], "start_line": 12}, "DetectionEngine": {"executed_lines": [], "summary": {"covered_lines": 0, "num_statements": 0, "percent_covered": 100.0, "percent_covered_display": "100", "missing_lines": 0, "excluded_lines": 1, "percent_statements_covered": 100.0, "percent_statements_covered_display": "100"}, "missing_lines": [], "excluded_lines": [75], "start_line": 44}, "": {"executed_lines": [2, 4, 5, 6, 8, 11, 12, 15, 16, 17, 18, 19, 20, 21, 22, 23, 25, 30, 37, 44, 56, 57, 58, 61, 62, 63, 66, 67, 70, 71], "summary": {"covered_lines": 30, "num_statements": 30, "percent_covered": 100.0, "percent_covered_display": "100", "missing_lines": 0, "excluded_lines": 1, "percent_statements_covered": 100.0, "percent_statements_covered_display": "100"}, "missing_lines": [], "excluded_lines": [74], "start_line": 1}}}, "src\\detection\\engine_registry.py": {"executed_lines": [2, 4, 5, 6, 8, 10, 13, 21, 22, 23, 24, 30, 31, 32, 33, 35, 36, 37, 38, 40, 52, 53, 54, 56, 57, 59, 60, 61, 67, 74, 76, 77, 82, 87, 89, 90, 98, 104, 105, 106, 116, 120], "summary": {"covered_lines": 42, "num_statements": 64, "percent_covered": 65.625, "percent_covered_display": "66", "missing_lines": 22, "excluded_lines": 0, "percent_statements_covered": 65.625, "percent_statements_covered_display": "66"}, "missing_lines": [34, 41, 42, 43, 44, 45, 46, 55, 78, 79, 80, 91, 92, 93, 94, 95, 96, 97, 117, 118, 121, 122], "excluded_lines": [], "functions": {"EngineRegistry.__init__": {"executed_lines": [22, 23, 24], "summary": {"covered_lines": 3, "num_statements": 3, "percent_covered": 100.0, "percent_covered_display": "100", "missing_lines": 0, "excluded_lines": 0, "percent_statements_covered": 100.0, "percent_statements_covered_display": "100"}, "missing_lines": [], "excluded_lines": [], "start_line": 21}, "EngineRegistry.register": {"executed_lines": [31, 32, 33, 35, 36, 37, 38], "summary": {"covered_lines": 7, "num_statements": 8, "percent_covered": 87.5, "percent_covered_display": "88", "missing_lines": 1, "excluded_lines": 0, "percent_statements_covered": 87.5, "percent_statements_covered_display": "88"}, "missing_lines": [34], "excluded_lines": [], "start_line": 30}, "EngineRegistry.unregister": {"executed_lines": [], "summary": {"covered_lines": 0, "num_statements": 6, "percent_covered": 0.0, "percent_covered_display": "0", "missing_lines": 6, "excluded_lines": 0, "percent_statements_covered": 0.0, "percent_statements_covered_display": "0"}, "missing_lines": [41, 42, 43, 44, 45, 46], "excluded_lines": [], "start_line": 40}, "EngineRegistry.set_enabled": {"executed_lines": [53, 54, 56, 57], "summary": {"covered_lines": 4, "num_statements": 5, "percent_covered": 80.0, "percent_covered_display": "80", "missing_lines": 1, "excluded_lines": 0, "percent_statements_covered": 80.0, "percent_statements_covered_display": "80"}, "missing_lines": [55], "excluded_lines": [], "start_line": 52}, "EngineRegistry.is_enabled": {"executed_lines": [60, 61], "summary": {"covered_lines": 2, "num_statements": 2, "percent_covered": 100.0, "percent_covered_display": "100", "missing_lines": 0, "excluded_lines": 0, "percent_statements_covered": 100.0, "percent_statements_covered_display": "100"}, "missing_lines": [], "excluded_lines": [], "start_line": 59}, "EngineRegistry.evaluate_all": {"executed_lines": [74, 76, 77, 82, 87, 89, 90, 98], "summary": {"covered_lines": 8, "num_statements": 18, "percent_covered": 44.44444444444444, "percent_covered_display": "44", "missing_lines": 10, "excluded_lines": 0, "percent_statements_covered": 44.44444444444444, "percent_statements_covered_display": "44"}, "missing_lines": [78, 79, 80, 91, 92, 93, 94, 95, 96, 97], "excluded_lines": [], "start_line": 67}, "EngineRegistry.list_engines": {"executed_lines": [105, 106], "summary": {"covered_lines": 2, "num_statements": 2, "percent_covered": 100.0, "percent_covered_display": "100", "missing_lines": 0, "excluded_lines": 0, "percent_statements_covered": 100.0, "percent_statements_covered_display": "100"}, "missing_lines": [], "excluded_lines": [], "start_line": 104}, "EngineRegistry.get_engine": {"executed_lines": [], "summary": {"covered_lines": 0, "num_statements": 2, "percent_covered": 0.0, "percent_covered_display": "0", "missing_lines": 2, "excluded_lines": 0, "percent_statements_covered": 0.0, "percent_statements_covered_display": "0"}, "missing_lines": [117, 118], "excluded_lines": [], "start_line": 116}, "EngineRegistry.__len__": {"executed_lines": [], "summary": {"covered_lines": 0, "num_statements": 2, "percent_covered": 0.0, "percent_covered_display": "0", "missing_lines": 2, "excluded_lines": 0, "percent_statements_covered": 0.0, "percent_statements_covered_display": "0"}, "missing_lines": [121, 122], "excluded_lines": [], "start_line": 120}, "": {"executed_lines": [2, 4, 5, 6, 8, 10, 13, 21, 30, 40, 52, 59, 67, 104, 116, 120], "summary": {"covered_lines": 16, "num_statements": 16, "percent_covered": 100.0, "percent_covered_display": "100", "missing_lines": 0, "excluded_lines": 0, "percent_statements_covered": 100.0, "percent_statements_covered_display": "100"}, "missing_lines": [], "excluded_lines": [], "start_line": 1}}, "classes": {"EngineRegistry": {"executed_lines": [22, 23, 24, 31, 32, 33, 35, 36, 37, 38, 53, 54, 56, 57, 60, 61, 74, 76, 77, 82, 87, 89, 90, 98, 105, 106], "summary": {"covered_lines": 26, "num_statements": 48, "percent_covered": 54.166666666666664, "percent_covered_display": "54", "missing_lines": 22, "excluded_lines": 0, "percent_statements_covered": 54.166666666666664, "percent_statements_covered_display": "54"}, "missing_lines": [34, 41, 42, 43, 44, 45, 46, 55, 78, 79, 80, 91, 92, 93, 94, 95, 96, 97, 117, 118, 121, 122], "excluded_lines": [], "start_line": 13}, "": {"executed_lines": [2, 4, 5, 6, 8, 10, 13, 21, 30, 40, 52, 59, 67, 104, 116, 120], "summary": {"covered_lines": 16, "num_statements": 16, "percent_covered": 100.0, "percent_covered_display": "100", "missing_lines": 0, "excluded_lines": 0, "percent_statements_covered": 100.0, "percent_statements_covered_display": "100"}, "missing_lines": [], "excluded_lines": [], "start_line": 1}}}, "src\\detection\\engines\\__init__.py": {"executed_lines": [], "summary": {"covered_lines": 0, "num_statements": 0, "percent_covered": 100.0, "percent_covered_display": "100", "missing_lines": 0, "excluded_lines": 0, "percent_statements_covered": 100.0, "percent_statements_covered_display": "100"}, "missing_lines": [], "excluded_lines": [], "functions": {"": {"executed_lines": [], "summary": {"covered_lines": 0, "num_statements": 0, "percent_covered": 100.0, "percent_covered_display": "100", "missing_lines": 0, "excluded_lines": 0, "percent_statements_covered": 100.0, "percent_statements_covered_display": "100"}, "missing_lines": [], "excluded_lines": [], "start_line": 1}}, "classes": {"": {"executed_lines": [], "summary": {"covered_lines": 0, "num_statements": 0, "percent_covered": 100.0, "percent_covered_display": "100", "missing_lines": 0, "excluded_lines": 0, "percent_statements_covered": 100.0, "percent_statements_covered_display": "100"}, "missing_lines": [], "excluded_lines": [], "start_line": 1}}}, "src\\detection\\engines\\anomaly_engine.py": {"executed_lines": [2, 4, 5, 6, 7, 9, 11, 12, 14, 17, 33, 44, 45, 46, 47, 50, 51, 52, 53, 54, 55, 56, 57, 58, 59, 62, 63, 64, 69, 70, 71, 75, 76, 77, 78, 79, 80, 81, 87, 89, 91, 97, 98, 99, 100, 101, 102, 103, 105, 106, 107, 108, 109, 110, 111, 112, 113, 117, 123, 124, 125, 126, 127, 128, 129, 130, 131, 133, 134, 135, 137, 138, 139, 140, 147, 149, 150, 153, 154, 155, 157, 158, 160, 161, 163, 164, 165, 166, 167, 172, 173, 176, 177, 183, 184, 185, 187, 188, 189, 191, 192, 193, 195, 196, 199, 216, 217, 218, 219, 220, 230, 231, 232, 233, 234, 235, 239, 240, 241, 252, 253, 256, 257, 259], "summary": {"covered_lines": 124, "num_statements": 135, "percent_covered": 91.85185185185185, "percent_covered_display": "92", "missing_lines": 11, "excluded_lines": 0, "percent_statements_covered": 91.85185185185185, "percent_statements_covered_display": "92"}, "missing_lines": [72, 114, 115, 162, 174, 200, 201, 202, 203, 212, 213], "excluded_lines": [], "functions": {"AnomalyEngine.__init__": {"executed_lines": [44, 45, 46, 47, 50, 51, 52, 53, 54, 55, 56, 57, 58, 59, 62, 63, 64, 69, 70, 71, 75, 76, 77, 78, 79, 80, 81], "summary": {"covered_lines": 27, "num_statements": 28, "percent_covered": 96.42857142857143, "percent_covered_display": "96", "missing_lines": 1, "excluded_lines": 0, "percent_statements_covered": 96.42857142857143, "percent_statements_covered_display": "96"}, "missing_lines": [72], "excluded_lines": [], "start_line": 33}, "AnomalyEngine.fit": {"executed_lines": [89, 91, 97, 98, 99, 100, 101, 102, 103], "summary": {"covered_lines": 9, "num_statements": 9, "percent_covered": 100.0, "percent_covered_display": "100", "missing_lines": 0, "excluded_lines": 0, "percent_statements_covered": 100.0, "percent_statements_covered_display": "100"}, "missing_lines": [], "excluded_lines": [], "start_line": 87}, "AnomalyEngine._persist_model": {"executed_lines": [106, 107, 108, 109, 110, 111, 112, 113], "summary": {"covered_lines": 8, "num_statements": 10, "percent_covered": 80.0, "percent_covered_display": "80", "missing_lines": 2, "excluded_lines": 0, "percent_statements_covered": 80.0, "percent_statements_covered_display": "80"}, "missing_lines": [114, 115], "excluded_lines": [], "start_line": 105}, "AnomalyEngine.add_sample": {"executed_lines": [123, 124, 125, 126, 127, 128, 129, 130, 131, 133, 134, 135], "summary": {"covered_lines": 12, "num_statements": 12, "percent_covered": 100.0, "percent_covered_display": "100", "missing_lines": 0, "excluded_lines": 0, "percent_statements_covered": 100.0, "percent_statements_covered_display": "100"}, "missing_lines": [], "excluded_lines": [], "start_line": 117}, "AnomalyEngine.buffer_status": {"executed_lines": [138, 139, 140], "summary": {"covered_lines": 3, "num_statements": 3, "percent_covered": 100.0, "percent_covered_display": "100", "missing_lines": 0, "excluded_lines": 0, "percent_statements_covered": 100.0, "percent_statements_covered_display": "100"}, "missing_lines": [], "excluded_lines": [], "start_line": 137}, "AnomalyEngine.set_model": {"executed_lines": [149, 150], "summary": {"covered_lines": 2, "num_statements": 2, "percent_covered": 100.0, "percent_covered_display": "100", "missing_lines": 0, "excluded_lines": 0, "percent_statements_covered": 100.0, "percent_statements_covered_display": "100"}, "missing_lines": [], "excluded_lines": [], "start_line": 147}, "AnomalyEngine._set_model": {"executed_lines": [154, 155], "summary": {"covered_lines": 2, "num_statements": 2, "percent_covered": 100.0, "percent_covered_display": "100", "missing_lines": 0, "excluded_lines": 0, "percent_statements_covered": 100.0, "percent_statements_covered_display": "100"}, "missing_lines": [], "excluded_lines": [], "start_line": 153}, "AnomalyEngine._get_model": {"executed_lines": [158], "summary": {"covered_lines": 1, "num_statements": 1, "percent_covered": 100.0, "percent_covered_display": "100", "missing_lines": 0, "excluded_lines": 0, "percent_statements_covered": 100.0, "percent_statements_covered_display": "100"}, "missing_lines": [], "excluded_lines": [], "start_line": 157}, "AnomalyEngine._vector_from_features": {"executed_lines": [161, 163, 164, 165, 166, 167, 172, 173, 176, 177], "summary": {"covered_lines": 10, "num_statements": 12, "percent_covered": 83.33333333333333, "percent_covered_display": "83", "missing_lines": 2, "excluded_lines": 0, "percent_statements_covered": 83.33333333333333, "percent_statements_covered_display": "83"}, "missing_lines": [162, 174], "excluded_lines": [], "start_line": 160}, "AnomalyEngine.engine_id": {"executed_lines": [185], "summary": {"covered_lines": 1, "num_statements": 1, "percent_covered": 100.0, "percent_covered_display": "100", "missing_lines": 0, "excluded_lines": 0, "percent_statements_covered": 100.0, "percent_statements_covered_display": "100"}, "missing_lines": [], "excluded_lines": [], "start_line": 184}, "AnomalyEngine.engine_type": {"executed_lines": [189], "summary": {"covered_lines": 1, "num_statements": 1, "percent_covered": 100.0, "percent_covered_display": "100", "missing_lines": 0, "excluded_lines": 0, "percent_statements_covered": 100.0, "percent_statements_covered_display": "100"}, "missing_lines": [], "excluded_lines": [], "start_line": 188}, "AnomalyEngine.is_ready": {"executed_lines": [192, 193], "summary": {"covered_lines": 2, "num_statements": 2, "percent_covered": 100.0, "percent_covered_display": "100", "missing_lines": 0, "excluded_lines": 0, "percent_statements_covered": 100.0, "percent_statements_covered_display": "100"}, "missing_lines": [], "excluded_lines": [], "start_line": 191}, "AnomalyEngine.evaluate": {"executed_lines": [196, 199, 216, 217, 218, 219, 220, 230, 231, 232, 233, 234, 235, 239, 240, 241, 252, 253, 256, 257, 259], "summary": {"covered_lines": 21, "num_statements": 27, "percent_covered": 77.77777777777777, "percent_covered_display": "78", "missing_lines": 6, "excluded_lines": 0, "percent_statements_covered": 77.77777777777777, "percent_statements_covered_display": "78"}, "missing_lines": [200, 201, 202, 203, 212, 213], "excluded_lines": [], "start_line": 195}, "": {"executed_lines": [2, 4, 5, 6, 7, 9, 11, 12, 14, 17, 33, 87, 105, 117, 137, 147, 153, 157, 160, 183, 184, 187, 188, 191, 195], "summary": {"covered_lines": 25, "num_statements": 25, "percent_covered": 100.0, "percent_covered_display": "100", "missing_lines": 0, "excluded_lines": 0, "percent_statements_covered": 100.0, "percent_statements_covered_display": "100"}, "missing_lines": [], "excluded_lines": [], "start_line": 1}}, "classes": {"AnomalyEngine": {"executed_lines": [44, 45, 46, 47, 50, 51, 52, 53, 54, 55, 56, 57, 58, 59, 62, 63, 64, 69, 70, 71, 75, 76, 77, 78, 79, 80, 81, 89, 91, 97, 98, 99, 100, 101, 102, 103, 106, 107, 108, 109, 110, 111, 112, 113, 123, 124, 125, 126, 127, 128, 129, 130, 131, 133, 134, 135, 138, 139, 140, 149, 150, 154, 155, 158, 161, 163, 164, 165, 166, 167, 172, 173, 176, 177, 185, 189, 192, 193, 196, 199, 216, 217, 218, 219, 220, 230, 231, 232, 233, 234, 235, 239, 240, 241, 252, 253, 256, 257, 259], "summary": {"covered_lines": 99, "num_statements": 110, "percent_covered": 90.0, "percent_covered_display": "90", "missing_lines": 11, "excluded_lines": 0, "percent_statements_covered": 90.0, "percent_statements_covered_display": "90"}, "missing_lines": [72, 114, 115, 162, 174, 200, 201, 202, 203, 212, 213], "excluded_lines": [], "start_line": 17}, "": {"executed_lines": [2, 4, 5, 6, 7, 9, 11, 12, 14, 17, 33, 87, 105, 117, 137, 147, 153, 157, 160, 183, 184, 187, 188, 191, 195], "summary": {"covered_lines": 25, "num_statements": 25, "percent_covered": 100.0, "percent_covered_display": "100", "missing_lines": 0, "excluded_lines": 0, "percent_statements_covered": 100.0, "percent_statements_covered_display": "100"}, "missing_lines": [], "excluded_lines": [], "start_line": 1}}}, "src\\detection\\engines\\honeypot_engine.py": {"executed_lines": [7, 9, 10, 11, 13, 15, 18, 30, 37, 38, 39, 40, 41, 53, 54, 55, 57, 58, 59, 61, 62, 63, 65, 66, 67, 69, 70, 72, 73, 75, 76, 77, 78, 79, 80, 81, 82, 83, 84, 86, 88, 98, 99, 100, 101, 104, 105, 120, 121, 136, 137, 153, 170, 183, 185, 186, 187, 189, 195], "summary": {"covered_lines": 59, "num_statements": 65, "percent_covered": 90.76923076923077, "percent_covered_display": "91", "missing_lines": 6, "excluded_lines": 0, "percent_statements_covered": 90.76923076923077, "percent_statements_covered_display": "91"}, "missing_lines": [89, 154, 191, 192, 193, 197], "excluded_lines": [], "functions": {"HoneypotDetectionEngine.__init__": {"executed_lines": [37, 38, 39, 40, 41], "summary": {"covered_lines": 5, "num_statements": 5, "percent_covered": 100.0, "percent_covered_display": "100", "missing_lines": 0, "excluded_lines": 0, "percent_statements_covered": 100.0, "percent_statements_covered_display": "100"}, "missing_lines": [], "excluded_lines": [], "start_line": 30}, "HoneypotDetectionEngine.engine_id": {"executed_lines": [55], "summary": {"covered_lines": 1, "num_statements": 1, "percent_covered": 100.0, "percent_covered_display": "100", "missing_lines": 0, "excluded_lines": 0, "percent_statements_covered": 100.0, "percent_statements_covered_display": "100"}, "missing_lines": [], "excluded_lines": [], "start_line": 54}, "HoneypotDetectionEngine.engine_type": {"executed_lines": [59], "summary": {"covered_lines": 1, "num_statements": 1, "percent_covered": 100.0, "percent_covered_display": "100", "missing_lines": 0, "excluded_lines": 0, "percent_statements_covered": 100.0, "percent_statements_covered_display": "100"}, "missing_lines": [], "excluded_lines": [], "start_line": 58}, "HoneypotDetectionEngine.honeypot_ips": {"executed_lines": [63], "summary": {"covered_lines": 1, "num_statements": 1, "percent_covered": 100.0, "percent_covered_display": "100", "missing_lines": 0, "excluded_lines": 0, "percent_statements_covered": 100.0, "percent_statements_covered_display": "100"}, "missing_lines": [], "excluded_lines": [], "start_line": 62}, "HoneypotDetectionEngine.honeypot_ports": {"executed_lines": [67], "summary": {"covered_lines": 1, "num_statements": 1, "percent_covered": 100.0, "percent_covered_display": "100", "missing_lines": 0, "excluded_lines": 0, "percent_statements_covered": 100.0, "percent_statements_covered_display": "100"}, "missing_lines": [], "excluded_lines": [], "start_line": 66}, "HoneypotDetectionEngine.is_ready": {"executed_lines": [70], "summary": {"covered_lines": 1, "num_statements": 1, "percent_covered": 100.0, "percent_covered_display": "100", "missing_lines": 0, "excluded_lines": 0, "percent_statements_covered": 100.0, "percent_statements_covered_display": "100"}, "missing_lines": [], "excluded_lines": [], "start_line": 69}, "HoneypotDetectionEngine._get_confidence": {"executed_lines": [75, 76, 77, 78, 79, 80, 81, 82, 83, 84], "summary": {"covered_lines": 10, "num_statements": 10, "percent_covered": 100.0, "percent_covered_display": "100", "missing_lines": 0, "excluded_lines": 0, "percent_statements_covered": 100.0, "percent_statements_covered_display": "100"}, "missing_lines": [], "excluded_lines": [], "start_line": 73}, "HoneypotDetectionEngine.evaluate": {"executed_lines": [88, 98, 99, 100, 101, 104, 105, 120, 121, 136, 137, 153, 170], "summary": {"covered_lines": 13, "num_statements": 15, "percent_covered": 86.66666666666667, "percent_covered_display": "87", "missing_lines": 2, "excluded_lines": 0, "percent_statements_covered": 86.66666666666667, "percent_statements_covered_display": "87"}, "missing_lines": [89, 154], "excluded_lines": [], "start_line": 86}, "HoneypotDetectionEngine.update_honeypot_ips": {"executed_lines": [185, 186, 187], "summary": {"covered_lines": 3, "num_statements": 3, "percent_covered": 100.0, "percent_covered_display": "100", "missing_lines": 0, "excluded_lines": 0, "percent_statements_covered": 100.0, "percent_statements_covered_display": "100"}, "missing_lines": [], "excluded_lines": [], "start_line": 183}, "HoneypotDetectionEngine.update_honeypot_ports": {"executed_lines": [], "summary": {"covered_lines": 0, "num_statements": 3, "percent_covered": 0.0, "percent_covered_display": "0", "missing_lines": 3, "excluded_lines": 0, "percent_statements_covered": 0.0, "percent_statements_covered_display": "0"}, "missing_lines": [191, 192, 193], "excluded_lines": [], "start_line": 189}, "HoneypotDetectionEngine.get_config": {"executed_lines": [], "summary": {"covered_lines": 0, "num_statements": 1, "percent_covered": 0.0, "percent_covered_display": "0", "missing_lines": 1, "excluded_lines": 0, "percent_statements_covered": 0.0, "percent_statements_covered_display": "0"}, "missing_lines": [197], "excluded_lines": [], "start_line": 195}, "": {"executed_lines": [7, 9, 10, 11, 13, 15, 18, 30, 53, 54, 57, 58, 61, 62, 65, 66, 69, 72, 73, 86, 183, 189, 195], "summary": {"covered_lines": 23, "num_statements": 23, "percent_covered": 100.0, "percent_covered_display": "100", "missing_lines": 0, "excluded_lines": 0, "percent_statements_covered": 100.0, "percent_statements_covered_display": "100"}, "missing_lines": [], "excluded_lines": [], "start_line": 1}}, "classes": {"HoneypotDetectionEngine": {"executed_lines": [37, 38, 39, 40, 41, 55, 59, 63, 67, 70, 75, 76, 77, 78, 79, 80, 81, 82, 83, 84, 88, 98, 99, 100, 101, 104, 105, 120, 121, 136, 137, 153, 170, 185, 186, 187], "summary": {"covered_lines": 36, "num_statements": 42, "percent_covered": 85.71428571428571, "percent_covered_display": "86", "missing_lines": 6, "excluded_lines": 0, "percent_statements_covered": 85.71428571428571, "percent_statements_covered_display": "86"}, "missing_lines": [89, 154, 191, 192, 193, 197], "excluded_lines": [], "start_line": 18}, "": {"executed_lines": [7, 9, 10, 11, 13, 15, 18, 30, 53, 54, 57, 58, 61, 62, 65, 66, 69, 72, 73, 86, 183, 189, 195], "summary": {"covered_lines": 23, "num_statements": 23, "percent_covered": 100.0, "percent_covered_display": "100", "missing_lines": 0, "excluded_lines": 0, "percent_statements_covered": 100.0, "percent_statements_covered_display": "100"}, "missing_lines": [], "excluded_lines": [], "start_line": 1}}}, "src\\detection\\engines\\ml_engine.py": {"executed_lines": [2, 4, 5, 6, 8, 10, 11, 13, 17, 18, 21, 23, 24, 27, 29, 30, 33, 41, 42, 43, 44, 50, 51, 54, 55, 56, 58, 63, 65, 66, 83, 84, 85, 86, 88, 109, 110, 111, 112, 114, 115, 117, 121, 122, 124, 125, 126, 127, 131, 132, 142, 143, 144, 145, 149, 150, 160, 161, 162, 163, 165, 179, 180, 181, 183, 185, 187], "summary": {"covered_lines": 67, "num_statements": 86, "percent_covered": 77.90697674418605, "percent_covered_display": "78", "missing_lines": 19, "excluded_lines": 0, "percent_statements_covered": 77.90697674418605, "percent_statements_covered_display": "78"}, "missing_lines": [52, 59, 60, 61, 67, 68, 69, 70, 79, 80, 89, 94, 95, 96, 118, 119, 182, 184, 186], "excluded_lines": [], "functions": {"_increment_unknown_verdict_counter": {"executed_lines": [23, 24], "summary": {"covered_lines": 2, "num_statements": 2, "percent_covered": 100.0, "percent_covered_display": "100", "missing_lines": 0, "excluded_lines": 0, "percent_statements_covered": 100.0, "percent_statements_covered_display": "100"}, "missing_lines": [], "excluded_lines": [], "start_line": 21}, "get_unknown_verdict_total": {"executed_lines": [29, 30], "summary": {"covered_lines": 2, "num_statements": 2, "percent_covered": 100.0, "percent_covered_display": "100", "missing_lines": 0, "excluded_lines": 0, "percent_statements_covered": 100.0, "percent_statements_covered_display": "100"}, "missing_lines": [], "excluded_lines": [], "start_line": 27}, "MLEngine.__init__": {"executed_lines": [42, 43, 44], "summary": {"covered_lines": 3, "num_statements": 3, "percent_covered": 100.0, "percent_covered_display": "100", "missing_lines": 0, "excluded_lines": 0, "percent_statements_covered": 100.0, "percent_statements_covered_display": "100"}, "missing_lines": [], "excluded_lines": [], "start_line": 41}, "MLEngine.engine_id": {"executed_lines": [], "summary": {"covered_lines": 0, "num_statements": 1, "percent_covered": 0.0, "percent_covered_display": "0", "missing_lines": 1, "excluded_lines": 0, "percent_statements_covered": 0.0, "percent_statements_covered_display": "0"}, "missing_lines": [52], "excluded_lines": [], "start_line": 51}, "MLEngine.engine_type": {"executed_lines": [56], "summary": {"covered_lines": 1, "num_statements": 1, "percent_covered": 100.0, "percent_covered_display": "100", "missing_lines": 0, "excluded_lines": 0, "percent_statements_covered": 100.0, "percent_statements_covered_display": "100"}, "missing_lines": [], "excluded_lines": [], "start_line": 55}, "MLEngine.is_ready": {"executed_lines": [], "summary": {"covered_lines": 0, "num_statements": 3, "percent_covered": 0.0, "percent_covered_display": "0", "missing_lines": 3, "excluded_lines": 0, "percent_statements_covered": 0.0, "percent_statements_covered_display": "0"}, "missing_lines": [59, 60, 61], "excluded_lines": [], "start_line": 58}, "MLEngine.evaluate": {"executed_lines": [65, 66, 83, 84, 85, 86, 88, 109, 110, 111, 112, 114, 115, 117, 121, 122, 124, 125, 126, 127, 131, 132, 142, 143, 144, 145, 149, 150, 160, 161, 162, 163, 165], "summary": {"covered_lines": 33, "num_statements": 45, "percent_covered": 73.33333333333333, "percent_covered_display": "73", "missing_lines": 12, "excluded_lines": 0, "percent_statements_covered": 73.33333333333333, "percent_statements_covered_display": "73"}, "missing_lines": [67, 68, 69, 70, 79, 80, 89, 94, 95, 96, 118, 119], "excluded_lines": [], "start_line": 63}, "MLEngine._compute_severity": {"executed_lines": [181, 183, 185, 187], "summary": {"covered_lines": 4, "num_statements": 7, "percent_covered": 57.142857142857146, "percent_covered_display": "57", "missing_lines": 3, "excluded_lines": 0, "percent_statements_covered": 57.142857142857146, "percent_statements_covered_display": "57"}, "missing_lines": [182, 184, 186], "excluded_lines": [], "start_line": 180}, "": {"executed_lines": [2, 4, 5, 6, 8, 10, 11, 13, 17, 18, 21, 27, 33, 41, 50, 51, 54, 55, 58, 63, 179, 180], "summary": {"covered_lines": 22, "num_statements": 22, "percent_covered": 100.0, "percent_covered_display": "100", "missing_lines": 0, "excluded_lines": 0, "percent_statements_covered": 100.0, "percent_statements_covered_display": "100"}, "missing_lines": [], "excluded_lines": [], "start_line": 1}}, "classes": {"MLEngine": {"executed_lines": [42, 43, 44, 56, 65, 66, 83, 84, 85, 86, 88, 109, 110, 111, 112, 114, 115, 117, 121, 122, 124, 125, 126, 127, 131, 132, 142, 143, 144, 145, 149, 150, 160, 161, 162, 163, 165, 181, 183, 185, 187], "summary": {"covered_lines": 41, "num_statements": 60, "percent_covered": 68.33333333333333, "percent_covered_display": "68", "missing_lines": 19, "excluded_lines": 0, "percent_statements_covered": 68.33333333333333, "percent_statements_covered_display": "68"}, "missing_lines": [52, 59, 60, 61, 67, 68, 69, 70, 79, 80, 89, 94, 95, 96, 118, 119, 182, 184, 186], "excluded_lines": [], "start_line": 33}, "": {"executed_lines": [2, 4, 5, 6, 8, 10, 11, 13, 17, 18, 21, 23, 24, 27, 29, 30, 33, 41, 50, 51, 54, 55, 58, 63, 179, 180], "summary": {"covered_lines": 26, "num_statements": 26, "percent_covered": 100.0, "percent_covered_display": "100", "missing_lines": 0, "excluded_lines": 0, "percent_statements_covered": 100.0, "percent_statements_covered_display": "100"}, "missing_lines": [], "excluded_lines": [], "start_line": 1}}}, "src\\detection\\engines\\signature_engine.py": {"executed_lines": [5, 7, 8, 9, 10, 12, 14, 15, 17, 19, 29, 50, 51, 52, 53, 54, 55, 56, 62, 63, 64, 65, 66, 67, 68, 69, 70, 71, 72, 75, 77, 78, 84, 85, 86, 88, 89, 90, 92, 93, 95, 96, 97, 98, 99, 101, 102, 103, 105, 106, 108, 109, 118, 133, 135, 136, 140, 141, 142, 149, 150, 152, 153, 154, 155, 156, 157, 158, 159, 160, 161, 162, 163, 164, 165, 166, 167, 169, 170, 172], "summary": {"covered_lines": 80, "num_statements": 87, "percent_covered": 91.95402298850574, "percent_covered_display": "92", "missing_lines": 7, "excluded_lines": 0, "percent_statements_covered": 91.95402298850574, "percent_statements_covered_display": "92"}, "missing_lines": [74, 137, 143, 144, 147, 168, 171], "excluded_lines": [], "functions": {"SignatureEngine.__init__": {"executed_lines": [51, 52, 53, 54, 55, 56], "summary": {"covered_lines": 6, "num_statements": 6, "percent_covered": 100.0, "percent_covered_display": "100", "missing_lines": 0, "excluded_lines": 0, "percent_statements_covered": 100.0, "percent_statements_covered_display": "100"}, "missing_lines": [], "excluded_lines": [], "start_line": 50}, "SignatureEngine.load_rules": {"executed_lines": [63, 64, 65, 66, 67, 68, 69, 70, 71, 72, 75], "summary": {"covered_lines": 11, "num_statements": 12, "percent_covered": 91.66666666666667, "percent_covered_display": "92", "missing_lines": 1, "excluded_lines": 0, "percent_statements_covered": 91.66666666666667, "percent_statements_covered_display": "92"}, "missing_lines": [74], "excluded_lines": [], "start_line": 62}, "SignatureEngine.add_rule": {"executed_lines": [78], "summary": {"covered_lines": 1, "num_statements": 1, "percent_covered": 100.0, "percent_covered_display": "100", "missing_lines": 0, "excluded_lines": 0, "percent_statements_covered": 100.0, "percent_statements_covered_display": "100"}, "missing_lines": [], "excluded_lines": [], "start_line": 77}, "SignatureEngine.engine_id": {"executed_lines": [86], "summary": {"covered_lines": 1, "num_statements": 1, "percent_covered": 100.0, "percent_covered_display": "100", "missing_lines": 0, "excluded_lines": 0, "percent_statements_covered": 100.0, "percent_statements_covered_display": "100"}, "missing_lines": [], "excluded_lines": [], "start_line": 85}, "SignatureEngine.engine_type": {"executed_lines": [90], "summary": {"covered_lines": 1, "num_statements": 1, "percent_covered": 100.0, "percent_covered_display": "100", "missing_lines": 0, "excluded_lines": 0, "percent_statements_covered": 100.0, "percent_statements_covered_display": "100"}, "missing_lines": [], "excluded_lines": [], "start_line": 89}, "SignatureEngine.is_ready": {"executed_lines": [93], "summary": {"covered_lines": 1, "num_statements": 1, "percent_covered": 100.0, "percent_covered_display": "100", "missing_lines": 0, "excluded_lines": 0, "percent_statements_covered": 100.0, "percent_statements_covered_display": "100"}, "missing_lines": [], "excluded_lines": [], "start_line": 92}, "SignatureEngine.evaluate": {"executed_lines": [96, 97, 98, 99, 101, 102, 103, 105, 106, 108, 109, 118], "summary": {"covered_lines": 12, "num_statements": 12, "percent_covered": 100.0, "percent_covered_display": "100", "missing_lines": 0, "excluded_lines": 0, "percent_statements_covered": 100.0, "percent_statements_covered_display": "100"}, "missing_lines": [], "excluded_lines": [], "start_line": 95}, "SignatureEngine._match_rule": {"executed_lines": [135, 136, 140, 141, 142], "summary": {"covered_lines": 5, "num_statements": 9, "percent_covered": 55.55555555555556, "percent_covered_display": "56", "missing_lines": 4, "excluded_lines": 0, "percent_statements_covered": 55.55555555555556, "percent_statements_covered_display": "56"}, "missing_lines": [137, 143, 144, 147], "excluded_lines": [], "start_line": 133}, "SignatureEngine._match_rule_legacy": {"executed_lines": [152, 153, 154, 155, 156, 157, 158, 159, 160, 161, 162, 163, 164, 165, 166, 167, 169, 170, 172], "summary": {"covered_lines": 19, "num_statements": 21, "percent_covered": 90.47619047619048, "percent_covered_display": "90", "missing_lines": 2, "excluded_lines": 0, "percent_statements_covered": 90.47619047619048, "percent_statements_covered_display": "90"}, "missing_lines": [168, 171], "excluded_lines": [], "start_line": 150}, "": {"executed_lines": [5, 7, 8, 9, 10, 12, 14, 15, 17, 19, 29, 50, 62, 77, 84, 85, 88, 89, 92, 95, 133, 149, 150], "summary": {"covered_lines": 23, "num_statements": 23, "percent_covered": 100.0, "percent_covered_display": "100", "missing_lines": 0, "excluded_lines": 0, "percent_statements_covered": 100.0, "percent_statements_covered_display": "100"}, "missing_lines": [], "excluded_lines": [], "start_line": 1}}, "classes": {"SignatureEngine": {"executed_lines": [51, 52, 53, 54, 55, 56, 63, 64, 65, 66, 67, 68, 69, 70, 71, 72, 75, 78, 86, 90, 93, 96, 97, 98, 99, 101, 102, 103, 105, 106, 108, 109, 118, 135, 136, 140, 141, 142, 152, 153, 154, 155, 156, 157, 158, 159, 160, 161, 162, 163, 164, 165, 166, 167, 169, 170, 172], "summary": {"covered_lines": 57, "num_statements": 64, "percent_covered": 89.0625, "percent_covered_display": "89", "missing_lines": 7, "excluded_lines": 0, "percent_statements_covered": 89.0625, "percent_statements_covered_display": "89"}, "missing_lines": [74, 137, 143, 144, 147, 168, 171], "excluded_lines": [], "start_line": 29}, "": {"executed_lines": [5, 7, 8, 9, 10, 12, 14, 15, 17, 19, 29, 50, 62, 77, 84, 85, 88, 89, 92, 95, 133, 149, 150], "summary": {"covered_lines": 23, "num_statements": 23, "percent_covered": 100.0, "percent_covered_display": "100", "missing_lines": 0, "excluded_lines": 0, "percent_statements_covered": 100.0, "percent_statements_covered_display": "100"}, "missing_lines": [], "excluded_lines": [], "start_line": 1}}}, "src\\detection\\engines\\threshold_engine.py": {"executed_lines": [2, 4, 5, 6, 7, 8, 10, 12, 15, 18, 20, 22, 23, 24, 26, 27, 28, 29, 30, 31, 33, 34, 35, 36, 37, 38, 41, 53, 61, 62, 63, 64, 65, 66, 67, 70, 103, 104, 105, 107, 108, 109, 111, 112, 114, 115, 118, 119, 120, 121, 122, 131, 132, 135, 136, 137, 138, 141, 142, 153, 154, 155, 165, 178, 179, 180, 182, 183, 184, 185, 187, 188, 189, 190, 191, 192, 193, 194, 195, 196, 197, 198, 199, 201, 203], "summary": {"covered_lines": 85, "num_statements": 87, "percent_covered": 97.70114942528735, "percent_covered_display": "98", "missing_lines": 2, "excluded_lines": 0, "percent_statements_covered": 97.70114942528735, "percent_statements_covered_display": "98"}, "missing_lines": [200, 202], "excluded_lines": [], "functions": {"_RateCounter.__init__": {"executed_lines": [23, 24], "summary": {"covered_lines": 2, "num_statements": 2, "percent_covered": 100.0, "percent_covered_display": "100", "missing_lines": 0, "excluded_lines": 0, "percent_statements_covered": 100.0, "percent_statements_covered_display": "100"}, "missing_lines": [], "excluded_lines": [], "start_line": 22}, "_RateCounter.record": {"executed_lines": [27, 28, 29, 30, 31], "summary": {"covered_lines": 5, "num_statements": 5, "percent_covered": 100.0, "percent_covered_display": "100", "missing_lines": 0, "excluded_lines": 0, "percent_statements_covered": 100.0, "percent_statements_covered_display": "100"}, "missing_lines": [], "excluded_lines": [], "start_line": 26}, "_RateCounter.count": {"executed_lines": [34, 35, 36, 37, 38], "summary": {"covered_lines": 5, "num_statements": 5, "percent_covered": 100.0, "percent_covered_display": "100", "missing_lines": 0, "excluded_lines": 0, "percent_statements_covered": 100.0, "percent_statements_covered_display": "100"}, "missing_lines": [], "excluded_lines": [], "start_line": 33}, "ThresholdEngine.__init__": {"executed_lines": [61, 62, 63, 64, 65, 66, 67, 70], "summary": {"covered_lines": 8, "num_statements": 8, "percent_covered": 100.0, "percent_covered_display": "100", "missing_lines": 0, "excluded_lines": 0, "percent_statements_covered": 100.0, "percent_statements_covered_display": "100"}, "missing_lines": [], "excluded_lines": [], "start_line": 53}, "ThresholdEngine.engine_id": {"executed_lines": [105], "summary": {"covered_lines": 1, "num_statements": 1, "percent_covered": 100.0, "percent_covered_display": "100", "missing_lines": 0, "excluded_lines": 0, "percent_statements_covered": 100.0, "percent_statements_covered_display": "100"}, "missing_lines": [], "excluded_lines": [], "start_line": 104}, "ThresholdEngine.engine_type": {"executed_lines": [109], "summary": {"covered_lines": 1, "num_statements": 1, "percent_covered": 100.0, "percent_covered_display": "100", "missing_lines": 0, "excluded_lines": 0, "percent_statements_covered": 100.0, "percent_statements_covered_display": "100"}, "missing_lines": [], "excluded_lines": [], "start_line": 108}, "ThresholdEngine.is_ready": {"executed_lines": [112], "summary": {"covered_lines": 1, "num_statements": 1, "percent_covered": 100.0, "percent_covered_display": "100", "missing_lines": 0, "excluded_lines": 0, "percent_statements_covered": 100.0, "percent_statements_covered_display": "100"}, "missing_lines": [], "excluded_lines": [], "start_line": 111}, "ThresholdEngine.evaluate": {"executed_lines": [115, 118, 119, 120, 121, 122, 131, 132, 135, 136, 137, 138, 141, 142, 153, 154, 155, 165], "summary": {"covered_lines": 18, "num_statements": 18, "percent_covered": 100.0, "percent_covered_display": "100", "missing_lines": 0, "excluded_lines": 0, "percent_statements_covered": 100.0, "percent_statements_covered_display": "100"}, "missing_lines": [], "excluded_lines": [], "start_line": 114}, "ThresholdEngine._get_counter": {"executed_lines": [179, 180, 182, 183, 184, 185], "summary": {"covered_lines": 6, "num_statements": 6, "percent_covered": 100.0, "percent_covered_display": "100", "missing_lines": 0, "excluded_lines": 0, "percent_statements_covered": 100.0, "percent_statements_covered_display": "100"}, "missing_lines": [], "excluded_lines": [], "start_line": 178}, "ThresholdEngine._match": {"executed_lines": [189, 190, 191, 192, 193, 194, 195, 196, 197, 198, 199, 201, 203], "summary": {"covered_lines": 13, "num_statements": 15, "percent_covered": 86.66666666666667, "percent_covered_display": "87", "missing_lines": 2, "excluded_lines": 0, "percent_statements_covered": 86.66666666666667, "percent_statements_covered_display": "87"}, "missing_lines": [200, 202], "excluded_lines": [], "start_line": 188}, "": {"executed_lines": [2, 4, 5, 6, 7, 8, 10, 12, 15, 18, 20, 22, 26, 33, 41, 53, 103, 104, 107, 108, 111, 114, 178, 187, 188], "summary": {"covered_lines": 25, "num_statements": 25, "percent_covered": 100.0, "percent_covered_display": "100", "missing_lines": 0, "excluded_lines": 0, "percent_statements_covered": 100.0, "percent_statements_covered_display": "100"}, "missing_lines": [], "excluded_lines": [], "start_line": 1}}, "classes": {"_RateCounter": {"executed_lines": [23, 24, 27, 28, 29, 30, 31, 34, 35, 36, 37, 38], "summary": {"covered_lines": 12, "num_statements": 12, "percent_covered": 100.0, "percent_covered_display": "100", "missing_lines": 0, "excluded_lines": 0, "percent_statements_covered": 100.0, "percent_statements_covered_display": "100"}, "missing_lines": [], "excluded_lines": [], "start_line": 15}, "ThresholdEngine": {"executed_lines": [61, 62, 63, 64, 65, 66, 67, 70, 105, 109, 112, 115, 118, 119, 120, 121, 122, 131, 132, 135, 136, 137, 138, 141, 142, 153, 154, 155, 165, 179, 180, 182, 183, 184, 185, 189, 190, 191, 192, 193, 194, 195, 196, 197, 198, 199, 201, 203], "summary": {"covered_lines": 48, "num_statements": 50, "percent_covered": 96.0, "percent_covered_display": "96", "missing_lines": 2, "excluded_lines": 0, "percent_statements_covered": 96.0, "percent_statements_covered_display": "96"}, "missing_lines": [200, 202], "excluded_lines": [], "start_line": 41}, "": {"executed_lines": [2, 4, 5, 6, 7, 8, 10, 12, 15, 18, 20, 22, 26, 33, 41, 53, 103, 104, 107, 108, 111, 114, 178, 187, 188], "summary": {"covered_lines": 25, "num_statements": 25, "percent_covered": 100.0, "percent_covered_display": "100", "missing_lines": 0, "excluded_lines": 0, "percent_statements_covered": 100.0, "percent_statements_covered_display": "100"}, "missing_lines": [], "excluded_lines": [], "start_line": 1}}}, "src\\detection\\ml_utils.py": {"executed_lines": [6, 8, 9, 10, 11, 12, 14, 16, 18, 21, 30, 31, 32, 35, 37, 38, 39, 43, 44, 45, 46, 47, 48, 49, 50, 51, 52, 55, 61, 62, 63, 66, 67, 68, 74, 75, 77, 80, 81, 82, 83, 84, 85, 88, 92, 100, 101, 103, 104, 105, 109, 110, 111, 112, 114, 119, 121, 123], "summary": {"covered_lines": 58, "num_statements": 64, "percent_covered": 90.625, "percent_covered_display": "91", "missing_lines": 6, "excluded_lines": 0, "percent_statements_covered": 90.625, "percent_statements_covered_display": "91"}, "missing_lines": [64, 69, 70, 71, 72, 73], "excluded_lines": [], "functions": {"_get_verify_mode": {"executed_lines": [30, 31, 32], "summary": {"covered_lines": 3, "num_statements": 3, "percent_covered": 100.0, "percent_covered_display": "100", "missing_lines": 0, "excluded_lines": 0, "percent_statements_covered": 100.0, "percent_statements_covered_display": "100"}, "missing_lines": [], "excluded_lines": [], "start_line": 21}, "load_checksum_manifest": {"executed_lines": [37, 38, 39, 43, 44, 45, 46, 47, 48, 49, 50, 51, 52], "summary": {"covered_lines": 13, "num_statements": 13, "percent_covered": 100.0, "percent_covered_display": "100", "missing_lines": 0, "excluded_lines": 0, "percent_statements_covered": 100.0, "percent_statements_covered_display": "100"}, "missing_lines": [], "excluded_lines": [], "start_line": 35}, "update_checksum_manifest": {"executed_lines": [61, 62, 63, 66, 67, 68, 74, 75, 77], "summary": {"covered_lines": 9, "num_statements": 15, "percent_covered": 60.0, "percent_covered_display": "60", "missing_lines": 6, "excluded_lines": 0, "percent_statements_covered": 60.0, "percent_statements_covered_display": "60"}, "missing_lines": [64, 69, 70, 71, 72, 73], "excluded_lines": [], "start_line": 55}, "_compute_sha256": {"executed_lines": [81, 82, 83, 84, 85], "summary": {"covered_lines": 5, "num_statements": 5, "percent_covered": 100.0, "percent_covered_display": "100", "missing_lines": 0, "excluded_lines": 0, "percent_statements_covered": 100.0, "percent_statements_covered_display": "100"}, "missing_lines": [], "excluded_lines": [], "start_line": 80}, "load_model_with_verification": {"executed_lines": [100, 101, 103, 104, 105, 109, 110, 111, 112, 114, 119, 121, 123], "summary": {"covered_lines": 13, "num_statements": 13, "percent_covered": 100.0, "percent_covered_display": "100", "missing_lines": 0, "excluded_lines": 0, "percent_statements_covered": 100.0, "percent_statements_covered_display": "100"}, "missing_lines": [], "excluded_lines": [], "start_line": 92}, "": {"executed_lines": [6, 8, 9, 10, 11, 12, 14, 16, 18, 21, 35, 55, 80, 88, 92], "summary": {"covered_lines": 15, "num_statements": 15, "percent_covered": 100.0, "percent_covered_display": "100", "missing_lines": 0, "excluded_lines": 0, "percent_statements_covered": 100.0, "percent_statements_covered_display": "100"}, "missing_lines": [], "excluded_lines": [], "start_line": 1}}, "classes": {"SecurityError": {"executed_lines": [], "summary": {"covered_lines": 0, "num_statements": 0, "percent_covered": 100.0, "percent_covered_display": "100", "missing_lines": 0, "excluded_lines": 0, "percent_statements_covered": 100.0, "percent_statements_covered_display": "100"}, "missing_lines": [], "excluded_lines": [], "start_line": 88}, "": {"executed_lines": [6, 8, 9, 10, 11, 12, 14, 16, 18, 21, 30, 31, 32, 35, 37, 38, 39, 43, 44, 45, 46, 47, 48, 49, 50, 51, 52, 55, 61, 62, 63, 66, 67, 68, 74, 75, 77, 80, 81, 82, 83, 84, 85, 88, 92, 100, 101, 103, 104, 105, 109, 110, 111, 112, 114, 119, 121, 123], "summary": {"covered_lines": 58, "num_statements": 64, "percent_covered": 90.625, "percent_covered_display": "91", "missing_lines": 6, "excluded_lines": 0, "percent_statements_covered": 90.625, "percent_statements_covered_display": "91"}, "missing_lines": [64, 69, 70, 71, 72, 73], "excluded_lines": [], "start_line": 1}}}, "src\\detection\\rule_compiler.py": {"executed_lines": [15, 17, 18, 19, 20, 21, 23, 26, 28, 31, 35, 44, 45, 47, 62, 63, 64, 65, 68, 70, 71, 72, 75, 76, 77, 81, 82, 89, 92, 94, 95, 96, 98, 99, 100, 101, 102, 103, 104, 105, 107, 108, 109, 111, 112, 113, 115, 116, 117, 119, 120, 121, 124, 125, 126, 127, 129, 130, 132, 135, 136, 137, 138, 139, 140, 141, 142, 143, 144, 147, 148, 150, 151, 153, 154, 157, 163, 164, 165, 167, 172, 173, 174, 176, 177, 178, 179, 180, 181, 183, 185, 195, 197, 198, 199, 200, 201, 202, 203, 204, 205, 207, 209, 211, 213, 215, 216, 218, 219, 220, 221, 223, 224, 225, 228, 229, 231, 232, 233, 235, 237, 239, 240, 242, 243, 244, 245, 247, 248, 249, 252, 253, 255, 256, 258, 260, 262, 263, 267], "summary": {"covered_lines": 139, "num_statements": 140, "percent_covered": 99.28571428571429, "percent_covered_display": "99", "missing_lines": 1, "excluded_lines": 0, "percent_statements_covered": 99.28571428571429, "percent_statements_covered_display": "99"}, "missing_lines": [131], "excluded_lines": [], "functions": {"RuleConditionEvaluator.__init__": {"executed_lines": [45], "summary": {"covered_lines": 1, "num_statements": 1, "percent_covered": 100.0, "percent_covered_display": "100", "missing_lines": 0, "excluded_lines": 0, "percent_statements_covered": 100.0, "percent_statements_covered_display": "100"}, "missing_lines": [], "excluded_lines": [], "start_line": 44}, "RuleConditionEvaluator.evaluate_condition": {"executed_lines": [62, 63, 64, 65, 68, 70, 71, 72, 75, 76, 77, 81, 82, 89, 92, 94, 95, 96, 98, 99, 100, 101, 102, 103, 104, 105, 107, 108, 109, 111, 112, 113, 115, 116, 117, 119, 120, 121, 124, 125, 126, 127, 129, 130, 132, 135, 136, 137, 138, 139, 140, 141, 142, 143, 144, 147, 148, 150, 151, 153, 154], "summary": {"covered_lines": 61, "num_statements": 62, "percent_covered": 98.38709677419355, "percent_covered_display": "98", "missing_lines": 1, "excluded_lines": 0, "percent_statements_covered": 98.38709677419355, "percent_statements_covered_display": "98"}, "missing_lines": [131], "excluded_lines": [], "start_line": 47}, "RuleCompiler.__init__": {"executed_lines": [164, 165], "summary": {"covered_lines": 2, "num_statements": 2, "percent_covered": 100.0, "percent_covered_display": "100", "missing_lines": 0, "excluded_lines": 0, "percent_statements_covered": 100.0, "percent_statements_covered_display": "100"}, "missing_lines": [], "excluded_lines": [], "start_line": 163}, "RuleCompiler.compile_rule": {"executed_lines": [172, 173, 174, 176, 177, 178, 179, 180, 181, 183], "summary": {"covered_lines": 10, "num_statements": 10, "percent_covered": 100.0, "percent_covered_display": "100", "missing_lines": 0, "excluded_lines": 0, "percent_statements_covered": 100.0, "percent_statements_covered_display": "100"}, "missing_lines": [], "excluded_lines": [], "start_line": 167}, "RuleCompiler._compile_conditions": {"executed_lines": [195, 197, 198, 199, 200, 201, 202, 203, 204, 205, 207, 209, 211], "summary": {"covered_lines": 13, "num_statements": 13, "percent_covered": 100.0, "percent_covered_display": "100", "missing_lines": 0, "excluded_lines": 0, "percent_statements_covered": 100.0, "percent_statements_covered_display": "100"}, "missing_lines": [], "excluded_lines": [], "start_line": 185}, "RuleCompiler._compile_and": {"executed_lines": [215, 216, 218, 235], "summary": {"covered_lines": 4, "num_statements": 4, "percent_covered": 100.0, "percent_covered_display": "100", "missing_lines": 0, "excluded_lines": 0, "percent_statements_covered": 100.0, "percent_statements_covered_display": "100"}, "missing_lines": [], "excluded_lines": [], "start_line": 213}, "RuleCompiler._compile_and.and_predicate": {"executed_lines": [219, 220, 221, 223, 224, 225, 228, 229, 231, 232, 233], "summary": {"covered_lines": 11, "num_statements": 11, "percent_covered": 100.0, "percent_covered_display": "100", "missing_lines": 0, "excluded_lines": 0, "percent_statements_covered": 100.0, "percent_statements_covered_display": "100"}, "missing_lines": [], "excluded_lines": [], "start_line": 218}, "RuleCompiler._compile_or": {"executed_lines": [239, 240, 242, 258], "summary": {"covered_lines": 4, "num_statements": 4, "percent_covered": 100.0, "percent_covered_display": "100", "missing_lines": 0, "excluded_lines": 0, "percent_statements_covered": 100.0, "percent_statements_covered_display": "100"}, "missing_lines": [], "excluded_lines": [], "start_line": 237}, "RuleCompiler._compile_or.or_predicate": {"executed_lines": [243, 244, 245, 247, 248, 249, 252, 253, 255, 256], "summary": {"covered_lines": 10, "num_statements": 10, "percent_covered": 100.0, "percent_covered_display": "100", "missing_lines": 0, "excluded_lines": 0, "percent_statements_covered": 100.0, "percent_statements_covered_display": "100"}, "missing_lines": [], "excluded_lines": [], "start_line": 242}, "RuleCompiler.evaluate_rule": {"executed_lines": [262, 263], "summary": {"covered_lines": 2, "num_statements": 2, "percent_covered": 100.0, "percent_covered_display": "100", "missing_lines": 0, "excluded_lines": 0, "percent_statements_covered": 100.0, "percent_statements_covered_display": "100"}, "missing_lines": [], "excluded_lines": [], "start_line": 260}, "": {"executed_lines": [15, 17, 18, 19, 20, 21, 23, 26, 28, 31, 35, 44, 47, 157, 163, 167, 185, 213, 237, 260, 267], "summary": {"covered_lines": 21, "num_statements": 21, "percent_covered": 100.0, "percent_covered_display": "100", "missing_lines": 0, "excluded_lines": 0, "percent_statements_covered": 100.0, "percent_statements_covered_display": "100"}, "missing_lines": [], "excluded_lines": [], "start_line": 1}}, "classes": {"RuleCompilationError": {"executed_lines": [], "summary": {"covered_lines": 0, "num_statements": 0, "percent_covered": 100.0, "percent_covered_display": "100", "missing_lines": 0, "excluded_lines": 0, "percent_statements_covered": 100.0, "percent_statements_covered_display": "100"}, "missing_lines": [], "excluded_lines": [], "start_line": 26}, "RuleConditionEvaluator": {"executed_lines": [45, 62, 63, 64, 65, 68, 70, 71, 72, 75, 76, 77, 81, 82, 89, 92, 94, 95, 96, 98, 99, 100, 101, 102, 103, 104, 105, 107, 108, 109, 111, 112, 113, 115, 116, 117, 119, 120, 121, 124, 125, 126, 127, 129, 130, 132, 135, 136, 137, 138, 139, 140, 141, 142, 143, 144, 147, 148, 150, 151, 153, 154], "summary": {"covered_lines": 62, "num_statements": 63, "percent_covered": 98.41269841269842, "percent_covered_display": "98", "missing_lines": 1, "excluded_lines": 0, "percent_statements_covered": 98.41269841269842, "percent_statements_covered_display": "98"}, "missing_lines": [131], "excluded_lines": [], "start_line": 31}, "RuleCompiler": {"executed_lines": [164, 165, 172, 173, 174, 176, 177, 178, 179, 180, 181, 183, 195, 197, 198, 199, 200, 201, 202, 203, 204, 205, 207, 209, 211, 215, 216, 218, 219, 220, 221, 223, 224, 225, 228, 229, 231, 232, 233, 235, 239, 240, 242, 243, 244, 245, 247, 248, 249, 252, 253, 255, 256, 258, 262, 263], "summary": {"covered_lines": 56, "num_statements": 56, "percent_covered": 100.0, "percent_covered_display": "100", "missing_lines": 0, "excluded_lines": 0, "percent_statements_covered": 100.0, "percent_statements_covered_display": "100"}, "missing_lines": [], "excluded_lines": [], "start_line": 157}, "": {"executed_lines": [15, 17, 18, 19, 20, 21, 23, 26, 28, 31, 35, 44, 47, 157, 163, 167, 185, 213, 237, 260, 267], "summary": {"covered_lines": 21, "num_statements": 21, "percent_covered": 100.0, "percent_covered_display": "100", "missing_lines": 0, "excluded_lines": 0, "percent_statements_covered": 100.0, "percent_statements_covered_display": "100"}, "missing_lines": [], "excluded_lines": [], "start_line": 1}}}, "src\\detection\\temporal_correlation.py": {"executed_lines": [11, 13, 14, 15, 16, 17, 18, 19, 21, 24, 27, 53, 54, 55, 56, 57, 58, 59, 61, 73, 76, 78, 80, 81, 83, 84, 87, 89, 90, 93, 9
[...]
uded_lines": [], "start_line": 36}, "HistoricalContext": {"executed_lines": [], "summary": {"covered_lines": 0, "num_statements": 0, "percent_covered": 100.0, "percent_covered_display": "100", "missing_lines": 0, "excluded_lines": 0, "percent_statements_covered": 100.0, "percent_statements_covered_display": "100"}, "missing_lines": [], "excluded_lines": [], "start_line": 50}, "NetworkContext": {"executed_lines": [], "summary": {"covered_lines": 0, "num_statements": 0, "percent_covered": 100.0, "percent_covered_display": "100", "missing_lines": 0, "excluded_lines": 0, "percent_statements_covered": 100.0, "percent_statements_covered_display": "100"}, "missing_lines": [], "excluded_lines": [], "start_line": 62}, "EnrichedEntity": {"executed_lines": [88, 90, 91, 92, 94, 96, 97, 99, 101, 102], "summary": {"covered_lines": 10, "num_statements": 14, "percent_covered": 71.42857142857143, "percent_covered_display": "71", "missing_lines": 4, "excluded_lines": 0, "percent_statements_covered": 71.42857142857143, "percent_statements_covered_display": "71"}, "missing_lines": [93, 95, 98, 100], "excluded_lines": [], "start_line": 75}, "EntityEnrichmentEngine": {"executed_lines": [117, 118, 119, 125, 126, 138, 139, 142, 143, 144, 145, 148, 152, 163, 164, 168, 170, 176, 190, 192, 200, 201, 207, 217, 218, 219, 223, 235, 243, 244, 249, 250, 253, 254, 282, 283, 285, 293, 294, 297, 299, 301, 302, 303, 305, 319, 320, 323, 324, 325, 328, 329, 331, 333, 334, 337, 338, 339, 342, 343, 344, 347, 348, 350, 354, 355, 356, 357, 358, 359, 362, 367, 372, 377, 385, 388, 390, 394, 396, 398, 402, 404, 408, 410, 412, 415], "summary": {"covered_lines": 86, "num_statements": 151, "percent_covered": 56.95364238410596, "percent_covered_display": "57", "missing_lines": 65, "excluded_lines": 0, "percent_statements_covered": 56.95364238410596, "percent_statements_covered_display": "57"}, "missing_lines": [171, 172, 173, 193, 194, 195, 196, 208, 209, 210, 211, 212, 213, 214, 224, 225, 229, 230, 231, 232, 233, 236, 237, 238, 239, 259, 260, 261, 262, 265, 266, 267, 268, 269, 270, 273, 274, 275, 276, 277, 279, 280, 281, 286, 287, 288, 289, 306, 307, 308, 309, 330, 332, 360, 361, 389, 391, 395, 397, 399, 403, 405, 409, 411, 413], "excluded_lines": [], "start_line": 105}, "": {"executed_lines": [10, 11, 12, 13, 14, 16, 19, 20, 22, 23, 24, 25, 26, 27, 28, 29, 30, 31, 32, 35, 36, 38, 39, 40, 41, 42, 43, 44, 45, 46, 49, 50, 52, 53, 54, 55, 56, 57, 58, 61, 62, 64, 65, 66, 67, 68, 69, 70, 71, 74, 75, 83, 84, 86, 105, 108, 128, 166, 198, 241, 291, 311, 352, 364, 369, 374, 379], "summary": {"covered_lines": 67, "num_statements": 67, "percent_covered": 100.0, "percent_covered_display": "100", "missing_lines": 0, "excluded_lines": 0, "percent_statements_covered": 100.0, "percent_statements_covered_display": "100"}, "missing_lines": [], "excluded_lines": [], "start_line": 1}}}, "src\\ips\\incident_aggregator.py": {"executed_lines": [10, 12, 13, 14, 15, 17, 20, 24, 25, 27, 29, 30, 32, 33, 34, 36, 39, 81, 82, 98, 112, 115, 118, 122, 136, 139, 140, 149, 152, 157, 160, 162, 164, 166, 167, 169, 180, 181, 186, 195, 197, 198, 199, 200, 202, 210, 218, 219, 238, 245, 252, 253, 258, 267, 269, 270, 271, 272, 274, 282, 290, 291, 306, 313, 316, 321, 323, 328, 333, 334, 336, 337, 338, 339, 341, 351, 353, 361], "summary": {"covered_lines": 78, "num_statements": 90, "percent_covered": 86.66666666666667, "percent_covered_display": "87", "missing_lines": 12, "excluded_lines": 0, "percent_statements_covered": 86.66666666666667, "percent_statements_covered_display": "87"}, "missing_lines": [40, 56, 71, 74, 77, 343, 363, 367, 368, 370, 371, 376], "excluded_lines": [], "functions": {"IncidentAggregator.__init__": {"executed_lines": [29, 30], "summary": {"covered_lines": 2, "num_statements": 2, "percent_covered": 100.0, "percent_covered_display": "100", "missing_lines": 0, "excluded_lines": 0, "percent_statements_covered": 100.0, "percent_statements_covered_display": "100"}, "missing_lines": [], "excluded_lines": [], "start_line": 27}, "IncidentAggregator.ops_store": {"executed_lines": [34], "summary": {"covered_lines": 1, "num_statements": 1, "percent_covered": 100.0, "percent_covered_display": "100", "missing_lines": 0, "excluded_lines": 0, "percent_statements_covered": 100.0, "percent_statements_covered_display": "100"}, "missing_lines": [], "excluded_lines": [], "start_line": 33}, "IncidentAggregator._ensure_tables_exist": {"executed_lines": [39, 81, 82, 98, 112, 115, 118], "summary": {"covered_lines": 7, "num_statements": 12, "percent_covered": 58.333333333333336, "percent_covered_display": "58", "missing_lines": 5, "excluded_lines": 0, "percent_statements_covered": 58.333333333333336, "percent_statements_covered_display": "58"}, "missing_lines": [40, 56, 71, 74, 77], "excluded_lines": [], "start_line": 36}, "IncidentAggregator.aggregate_alert": {"executed_lines": [136, 139, 140, 149, 152, 157, 160, 162], "summary": {"covered_lines": 8, "num_statements": 8, "percent_covered": 100.0, "percent_covered_display": "100", "missing_lines": 0, "excluded_lines": 0, "percent_statements_covered": 100.0, "percent_statements_covered_display": "100"}, "missing_lines": [], "excluded_lines": [], "start_line": 122}, "IncidentAggregator._compute_unique_id": {"executed_lines": [166, 167], "summary": {"covered_lines": 2, "num_statements": 2, "percent_covered": 100.0, "percent_covered_display": "100", "missing_lines": 0, "excluded_lines": 0, "percent_statements_covered": 100.0, "percent_statements_covered_display": "100"}, "missing_lines": [], "excluded_lines": [], "start_line": 164}, "IncidentAggregator._get_or_create_activity": {"executed_lines": [180, 181, 186, 195, 197, 198, 199, 200, 202, 210, 218, 219, 238], "summary": {"covered_lines": 13, "num_statements": 13, "percent_covered": 100.0, "percent_covered_display": "100", "missing_lines": 0, "excluded_lines": 0, "percent_statements_covered": 100.0, "percent_statements_covered_display": "100"}, "missing_lines": [], "excluded_lines": [], "start_line": 169}, "IncidentAggregator._get_or_create_incident": {"executed_lines": [252, 253, 258, 267, 269, 270, 271, 272, 274, 282, 290, 291, 306], "summary": {"covered_lines": 13, "num_statements": 13, "percent_covered": 100.0, "percent_covered_display": "100", "missing_lines": 0, "excluded_lines": 0, "percent_statements_covered": 100.0, "percent_statements_covered_display": "100"}, "missing_lines": [], "excluded_lines": [], "start_line": 245}, "IncidentAggregator._link_activity_to_incident": {"executed_lines": [316, 321, 323, 328], "summary": {"covered_lines": 4, "num_statements": 4, "percent_covered": 100.0, "percent_covered_display": "100", "missing_lines": 0, "excluded_lines": 0, "percent_statements_covered": 100.0, "percent_statements_covered_display": "100"}, "missing_lines": [], "excluded_lines": [], "start_line": 313}, "IncidentAggregator._escalate_severity": {"executed_lines": [336, 337, 338, 339], "summary": {"covered_lines": 4, "num_statements": 4, "percent_covered": 100.0, "percent_covered_display": "100", "missing_lines": 0, "excluded_lines": 0, "percent_statements_covered": 100.0, "percent_statements_covered_display": "100"}, "missing_lines": [], "excluded_lines": [], "start_line": 334}, "IncidentAggregator.get_activities": {"executed_lines": [], "summary": {"covered_lines": 0, "num_statements": 1, "percent_covered": 0.0, "percent_covered_display": "0", "missing_lines": 1, "excluded_lines": 0, "percent_statements_covered": 0.0, "percent_statements_covered_display": "0"}, "missing_lines": [343], "excluded_lines": [], "start_line": 341}, "IncidentAggregator.get_incidents": {"executed_lines": [353], "summary": {"covered_lines": 1, "num_statements": 1, "percent_covered": 100.0, "percent_covered_display": "100", "missing_lines": 0, "excluded_lines": 0, "percent_statements_covered": 100.0, "percent_statements_covered_display": "100"}, "missing_lines": [], "excluded_lines": [], "start_line": 351}, "IncidentAggregator.get_incident_details": {"executed_lines": [], "summary": {"covered_lines": 0, "num_statements": 6, "percent_covered": 0.0, "percent_covered_display": "0", "missing_lines": 6, "excluded_lines": 0, "percent_statements_covered": 0.0, "percent_statements_covered_display": "0"}, "missing_lines": [363, 367, 368, 370, 371, 376], "excluded_lines": [], "start_line": 361}, "": {"executed_lines": [10, 12, 13, 14, 15, 17, 20, 24, 25, 27, 32, 33, 36, 122, 164, 169, 245, 313, 333, 334, 341, 351, 361], "summary": {"covered_lines": 23, "num_statements": 23, "percent_covered": 100.0, "percent_covered_display": "100", "missing_lines": 0, "excluded_lines": 0, "percent_statements_covered": 100.0, "percent_statements_covered_display": "100"}, "missing_lines": [], "excluded_lines": [], "start_line": 1}}, "classes": {"IncidentAggregator": {"executed_lines": [29, 30, 34, 39, 81, 82, 98, 112, 115, 118, 136, 139, 140, 149, 152, 157, 160, 162, 166, 167, 180, 181, 186, 195, 197, 198, 199, 200, 202, 210, 218, 219, 238, 252, 253, 258, 267, 269, 270, 271, 272, 274, 282, 290, 291, 306, 316, 321, 323, 328, 336, 337, 338, 339, 353], "summary": {"covered_lines": 55, "num_statements": 67, "percent_covered": 82.08955223880596, "percent_covered_display": "82", "missing_lines": 12, "excluded_lines": 0, "percent_statements_covered": 82.08955223880596, "percent_statements_covered_display": "82"}, "missing_lines": [40, 56, 71, 74, 77, 343, 363, 367, 368, 370, 371, 376], "excluded_lines": [], "start_line": 20}, "": {"executed_lines": [10, 12, 13, 14, 15, 17, 20, 24, 25, 27, 32, 33, 36, 122, 164, 169, 245, 313, 333, 334, 341, 351, 361], "summary": {"covered_lines": 23, "num_statements": 23, "percent_covered": 100.0, "percent_covered_display": "100", "missing_lines": 0, "excluded_lines": 0, "percent_statements_covered": 100.0, "percent_statements_covered_display": "100"}, "missing_lines": [], "excluded_lines": [], "start_line": 1}}}, "src\\ips\\policy_engine.py": {"executed_lines": [1, 3, 6, 9, 10, 11, 12, 13, 15, 16, 17, 18, 19, 20, 21, 23, 24, 25, 38, 53, 54, 55, 61, 62, 63, 69, 70], "summary": {"covered_lines": 27, "num_statements": 34, "percent_covered": 79.41176470588235, "percent_covered_display": "79", "missing_lines": 7, "excluded_lines": 0, "percent_statements_covered": 79.41176470588235, "percent_statements_covered_display": "79"}, "missing_lines": [31, 39, 40, 46, 76, 77, 84], "excluded_lines": [], "functions": {"PolicyEngine.decide": {"executed_lines": [10, 11, 12, 13, 15, 16, 17, 18, 19, 20, 21, 23, 24, 25, 38, 53, 54, 55, 61, 62, 63, 69, 70], "summary": {"covered_lines": 23, "num_statements": 30, "percent_covered": 76.66666666666667, "percent_covered_display": "77", "missing_lines": 7, "excluded_lines": 0, "percent_statements_covered": 76.66666666666667, "percent_statements_covered_display": "77"}, "missing_lines": [31, 39, 40, 46, 76, 77, 84], "excluded_lines": [], "start_line": 9}, "": {"executed_lines": [1, 3, 6, 9], "summary": {"covered_lines": 4, "num_statements": 4, "percent_covered": 100.0, "percent_covered_display": "100", "missing_lines": 0, "excluded_lines": 0, "percent_statements_covered": 100.0, "percent_statements_covered_display": "100"}, "missing_lines": [], "excluded_lines": [], "start_line": 1}}, "classes": {"PolicyEngine": {"executed_lines": [10, 11, 12, 13, 15, 16, 17, 18, 19, 20, 21, 23, 24, 25, 38, 53, 54, 55, 61, 62, 63, 69, 70], "summary": {"covered_lines": 23, "num_statements": 30, "percent_covered": 76.66666666666667, "percent_covered_display": "77", "missing_lines": 7, "excluded_lines": 0, "percent_statements_covered": 76.66666666666667, "percent_statements_covered_display": "77"}, "missing_lines": [31, 39, 40, 46, 76, 77, 84], "excluded_lines": [], "start_line": 6}, "": {"executed_lines": [1, 3, 6, 9], "summary": {"covered_lines": 4, "num_statements": 4, "percent_covered": 100.0, "percent_covered_display": "100", "missing_lines": 0, "excluded_lines": 0, "percent_statements_covered": 100.0, "percent_statements_covered_display": "100"}, "missing_lines": [], "excluded_lines": [], "start_line": 1}}}, "src\\ips\\risk_engine.py": {"executed_lines": [1, 3, 4, 5, 6, 8, 11, 12, 15, 16, 17, 18, 19, 22, 25, 32, 33, 34, 35, 36, 37, 38, 39, 41, 50, 51, 52, 53, 54, 55, 56, 58, 59, 65, 66, 67, 68, 70, 72, 73, 75, 76, 79, 84, 85, 91, 110, 111, 112, 114, 115, 116, 117, 118, 123, 125, 130, 135], "summary": {"covered_lines": 58, "num_statements": 76, "percent_covered": 76.3157894736842, "percent_covered_display": "76", "missing_lines": 18, "excluded_lines": 0, "percent_statements_covered": 76.3157894736842, "percent_statements_covered_display": "76"}, "missing_lines": [57, 60, 61, 62, 63, 80, 86, 87, 88, 93, 94, 95, 96, 97, 98, 101, 102, 103], "excluded_lines": [], "functions": {"_clamp": {"executed_lines": [12], "summary": {"covered_lines": 1, "num_statements": 1, "percent_covered": 100.0, "percent_covered_display": "100", "missing_lines": 0, "excluded_lines": 0, "percent_statements_covered": 100.0, "percent_statements_covered_display": "100"}, "missing_lines": [], "excluded_lines": [], "start_line": 11}, "RiskEngine.__init__": {"executed_lines": [32, 33, 34, 35, 36, 37, 38, 39], "summary": {"covered_lines": 8, "num_statements": 8, "percent_covered": 100.0, "percent_covered_display": "100", "missing_lines": 0, "excluded_lines": 0, "percent_statements_covered": 100.0, "percent_statements_covered_display": "100"}, "missing_lines": [], "excluded_lines": [], "start_line": 25}, "RiskEngine.map_attack_severity": {"executed_lines": [51, 52, 53, 54, 55, 56, 58, 59], "summary": {"covered_lines": 8, "num_statements": 13, "percent_covered": 61.53846153846154, "percent_covered_display": "62", "missing_lines": 5, "excluded_lines": 0, "percent_statements_covered": 61.53846153846154, "percent_statements_covered_display": "62"}, "missing_lines": [57, 60, 61, 62, 63], "excluded_lines": [], "start_line": 50}, "RiskEngine.recent_activity_score": {"executed_lines": [66, 67, 68, 70, 72, 73, 75, 76, 79, 84, 85, 91, 110, 111, 112], "summary": {"covered_lines": 15, "num_statements": 28, "percent_covered": 53.57142857142857, "percent_covered_display": "54", "missing_lines": 13, "excluded_lines": 0, "percent_statements_covered": 53.57142857142857, "percent_statements_covered_display": "54"}, "missing_lines": [80, 86, 87, 88, 93, 94, 95, 96, 97, 98, 101, 102, 103], "excluded_lines": [], "start_line": 65}, "RiskEngine.calculate": {"executed_lines": [115, 116, 117, 118, 123, 125, 130, 135], "summary": {"covered_lines": 8, "num_statements": 8, "percent_covered": 100.0, "percent_covered_display": "100", "missing_lines": 0, "excluded_lines": 0, "percent_statements_covered": 100.0, "percent_statements_covered_display": "100"}, "missing_lines": [], "excluded_lines": [], "start_line": 114}, "": {"executed_lines": [1, 3, 4, 5, 6, 8, 11, 15, 16, 17, 18, 19, 22, 25, 41, 50, 65, 114], "summary": {"covered_lines": 18, "num_statements": 18, "percent_covered": 100.0, "percent_covered_display": "100", "missing_lines": 0, "excluded_lines": 0, "percent_statements_covered": 100.0, "percent_statements_covered_display": "100"}, "missing_lines": [], "excluded_lines": [], "start_line": 1}}, "classes": {"RiskWeights": {"executed_lines": [], "summary": {"covered_lines": 0, "num_statements": 0, "percent_covered": 100.0, "percent_covered_display": "100", "missing_lines": 0, "excluded_lines": 0, "percent_statements_covered": 100.0, "percent_statements_covered_display": "100"}, "missing_lines": [], "excluded_lines": [], "start_line": 16}, "RiskEngine": {"executed_lines": [32, 33, 34, 35, 36, 37, 38, 39, 51, 52, 53, 54, 55, 56, 58, 59, 66, 67, 68, 70, 72, 73, 75, 76, 79, 84, 85, 91, 110, 111, 112, 115, 116, 117, 118, 123, 125, 130, 135], "summary": {"covered_lines": 39, "num_statements": 57, "percent_covered": 68.42105263157895, "percent_covered_display": "68", "missing_lines": 18, "excluded_lines": 0, "percent_statements_covered": 68.42105263157895, "percent_statements_covered_display": "68"}, "missing_lines": [57, 60, 61, 62, 63, 80, 86, 87, 88, 93, 94, 95, 96, 97, 98, 101, 102, 103], "excluded_lines": [], "start_line": 22}, "": {"executed_lines": [1, 3, 4, 5, 6, 8, 11, 12, 15, 16, 17, 18, 19, 22, 25, 41, 50, 65, 114], "summary": {"covered_lines": 19, "num_statements": 19, "percent_covered": 100.0, "percent_covered_display": "100", "missing_lines": 0, "excluded_lines": 0, "percent_statements_covered": 100.0, "percent_statements_covered_display": "100"}, "missing_lines": [], "excluded_lines": [], "start_line": 1}}}, "src\\ips\\scheduler.py": {"executed_lines": [1, 3, 4, 5, 6, 8, 11, 14, 22, 23, 24, 25, 26, 27, 28, 29, 31, 32, 34, 35, 36, 38, 43, 44, 45, 46, 47, 48, 49], "summary": {"covered_lines": 29, "num_statements": 42, "percent_covered": 69.04761904761905, "percent_covered_display": "69", "missing_lines": 13, "excluded_lines": 0, "percent_statements_covered": 69.04761904761905, "percent_statements_covered_display": "69"}, "missing_lines": [33, 39, 40, 41, 50, 51, 52, 53, 54, 55, 56, 57, 58], "excluded_lines": [], "functions": {"PreventionScheduler.__init__": {"executed_lines": [22, 23, 24, 25, 26, 27, 28, 29], "summary": {"covered_lines": 8, "num_statements": 8, "percent_covered": 100.0, "percent_covered_display": "100", "missing_lines": 0, "excluded_lines": 0, "percent_statements_covered": 100.0, "percent_statements_covered_display": "100"}, "missing_lines": [], "excluded_lines": [], "start_line": 14}, "PreventionScheduler.start": {"executed_lines": [32, 34, 35, 36], "summary": {"covered_lines": 4, "num_statements": 5, "percent_covered": 80.0, "percent_covered_display": "80", "missing_lines": 1, "excluded_lines": 0, "percent_statements_covered": 80.0, "percent_statements_covered_display": "80"}, "missing_lines": [33], "excluded_lines": [], "start_line": 31}, "PreventionScheduler.stop": {"executed_lines": [], "summary": {"covered_lines": 0, "num_statements": 3, "percent_covered": 0.0, "percent_covered_display": "0", "missing_lines": 3, "excluded_lines": 0, "percent_statements_covered": 0.0, "percent_statements_covered_display": "0"}, "missing_lines": [39, 40, 41], "excluded_lines": [], "start_line": 38}, "PreventionScheduler._run": {"executed_lines": [44, 45, 46, 47, 48, 49], "summary": {"covered_lines": 6, "num_statements": 15, "percent_covered": 40.0, "percent_covered_display": "40", "missing_lines": 9, "excluded_lines": 0, "percent_statements_covered": 40.0, "percent_statements_covered_display": "40"}, "missing_lines": [50, 51, 52, 53, 54, 55, 56, 57, 58], "excluded_lines": [], "start_line": 43}, "": {"executed_lines": [1, 3, 4, 5, 6, 8, 11, 14, 31, 38, 43], "summary": {"covered_lines": 11, "num_statements": 11, "percent_covered": 100.0, "percent_covered_display": "100", "missing_lines": 0, "excluded_lines": 0, "percent_statements_covered": 100.0, "percent_statements_covered_display": "100"}, "missing_lines": [], "excluded_lines": [], "start_line": 1}}, "classes": {"PreventionScheduler": {"executed_lines": [22, 23, 24, 25, 26, 27, 28, 29, 32, 34, 35, 36, 44, 45, 46, 47, 48, 49], "summary": {"covered_lines": 18, "num_statements": 31, "percent_covered": 58.064516129032256, "percent_covered_display": "58", "missing_lines": 13, "excluded_lines": 0, "percent_statements_covered": 58.064516129032256, "percent_statements_covered_display": "58"}, "missing_lines": [33, 39, 40, 41, 50, 51, 52, 53, 54, 55, 56, 57, 58], "excluded_lines": [], "start_line": 11}, "": {"executed_lines": [1, 3, 4, 5, 6, 8, 11, 14, 31, 38, 43], "summary": {"covered_lines": 11, "num_statements": 11, "percent_covered": 100.0, "percent_covered_display": "100", "missing_lines": 0, "excluded_lines": 0, "percent_statements_covered": 100.0, "percent_statements_covered_display": "100"}, "missing_lines": [], "excluded_lines": [], "start_line": 1}}}}, "totals": {"covered_lines": 1677, "num_statements": 2084, "percent_covered": 80.47024952015354, "percent_covered_display": "80", "missing_lines": 407, "excluded_lines": 4, "percent_statements_covered": 80.47024952015354, "percent_statements_covered_display": "80"}}